{"meta": {"format": 3, "version": "7.13.1", "timestamp": "2026-01-27T16:52:26.365747", "branch_coverage": false, "show_contexts": false}, "files": {"village/__init__.py": {"executed_lines": [], "summary": {"covered_lines": 0, "num_statements": 0, "percent_covered": 100.0, "percent_covered_display": "100", "missing_lines": 0, "excluded_lines": 0, "percent_statements_covered": 100.0, "percent_statements_covered_display": "100"}, "missing_lines": [], "excluded_lines": [], "functions": {"": {"executed_lines": [], "summary": {"covered_lines": 0, "num_statements": 0, "percent_covered": 100.0, "percent_covered_display": "100", "missing_lines": 0, "excluded_lines": 0, "percent_statements_covered": 100.0, "percent_statements_covered_display": "100"}, "missing_lines": [], "excluded_lines": [], "start_line": 1}}, "classes": {"": {"executed_lines": [], "summary": {"covered_lines": 0, "num_statements": 0, "percent_covered": 100.0, "percent_covered_display": "100", "missing_lines": 0, "excluded_lines": 0, "percent_statements_covered": 100.0, "percent_statements_covered_display": "100"}, "missing_lines": [], "excluded_lines": [], "start_line": 1}}}, "village/agents.py": {"executed_lines": [3, 4, 5, 7, 9, 12, 13, 16, 17, 20, 37, 38, 39, 40, 41, 42, 43, 44, 47, 48], "summary": {"covered_lines": 20, "num_statements": 20, "percent_covered": 100.0, "percent_covered_display": "100", "missing_lines": 0, "excluded_lines": 0, "percent_statements_covered": 100.0, "percent_statements_covered_display": "100"}, "missing_lines": [], "excluded_lines": [], "functions": {"resolve_agent_args": {"executed_lines": [37, 38, 39, 40, 41, 42, 43, 44, 47, 48], "summary": {"covered_lines": 10, "num_statements": 10, "percent_covered": 100.0, "percent_covered_display": "100", "missing_lines": 0, "excluded_lines": 0, "percent_statements_covered": 100.0, "percent_statements_covered_display": "100"}, "missing_lines": [], "excluded_lines": [], "start_line": 20}, "": {"executed_lines": [3, 4, 5, 7, 9, 12, 13, 16, 17, 20], "summary": {"covered_lines": 10, "num_statements": 10, "percent_covered": 100.0, "percent_covered_display": "100", "missing_lines": 0, "excluded_lines": 0, "percent_statements_covered": 100.0, "percent_statements_covered_display": "100"}, "missing_lines": [], "excluded_lines": [], "start_line": 1}}, "classes": {"AgentArgs": {"executed_lines": [], "summary": {"covered_lines": 0, "num_statements": 0, "percent_covered": 100.0, "percent_covered_display": "100", "missing_lines": 0, "excluded_lines": 0, "percent_statements_covered": 100.0, "percent_statements_covered_display": "100"}, "missing_lines": [], "excluded_lines": [], "start_line": 13}, "": {"executed_lines": [3, 4, 5, 7, 9, 12, 13, 16, 17, 20, 37, 38, 39, 40, 41, 42, 43, 44, 47, 48], "summary": {"covered_lines": 20, "num_statements": 20, "percent_covered": 100.0, "percent_covered_display": "100", "missing_lines": 0, "excluded_lines": 0, "percent_statements_covered": 100.0, "percent_statements_covered_display": "100"}, "missing_lines": [], "excluded_lines": [], "start_line": 1}}}, "village/chat/__init__.py": {"executed_lines": [3, 4, 6], "summary": {"covered_lines": 3, "num_statements": 3, "percent_covered": 100.0, "percent_covered_display": "100", "missing_lines": 0, "excluded_lines": 0, "percent_statements_covered": 100.0, "percent_statements_covered_display": "100"}, "missing_lines": [], "excluded_lines": [], "functions": {"": {"executed_lines": [3, 4, 6], "summary": {"covered_lines": 3, "num_statements": 3, "percent_covered": 100.0, "percent_covered_display": "100", "missing_lines": 0, "excluded_lines": 0, "percent_statements_covered": 100.0, "percent_statements_covered_display": "100"}, "missing_lines": [], "excluded_lines": [], "start_line": 1}}, "classes": {"": {"executed_lines": [3, 4, 6], "summary": {"covered_lines": 3, "num_statements": 3, "percent_covered": 100.0, "percent_covered_display": "100", "missing_lines": 0, "excluded_lines": 0, "percent_statements_covered": 100.0, "percent_statements_covered_display": "100"}, "missing_lines": [], "excluded_lines": [], "start_line": 1}}}, "village/chat/baseline.py": {"executed_lines": [3, 4, 5, 7, 9, 12, 13, 24, 25, 26, 27, 29, 30, 31, 34, 75, 109, 132, 165, 182, 192, 194, 195], "summary": {"covered_lines": 23, "num_statements": 63, "percent_covered": 36.507936507936506, "percent_covered_display": "37", "missing_lines": 40, "excluded_lines": 0, "percent_statements_covered": 36.507936507936506, "percent_statements_covered_display": "37"}, "missing_lines": [58, 60, 61, 63, 65, 67, 88, 90, 91, 92, 94, 101, 102, 103, 104, 106, 122, 124, 126, 127, 129, 143, 145, 146, 148, 149, 150, 151, 152, 154, 155, 158, 159, 160, 162, 175, 176, 177, 178, 179], "excluded_lines": [], "functions": {"BaselineReport.__post_init__": {"executed_lines": [30, 31], "summary": {"covered_lines": 2, "num_statements": 2, "percent_covered": 100.0, "percent_covered_display": "100", "missing_lines": 0, "excluded_lines": 0, "percent_statements_covered": 100.0, "percent_statements_covered_display": "100"}, "missing_lines": [], "excluded_lines": [], "start_line": 29}, "collect_baseline": {"executed_lines": [], "summary": {"covered_lines": 0, "num_statements": 6, "percent_covered": 0.0, "percent_covered_display": "0", "missing_lines": 6, "excluded_lines": 0, "percent_statements_covered": 0.0, "percent_statements_covered_display": "0"}, "missing_lines": [58, 60, 61, 63, 65, 67], "excluded_lines": [], "start_line": 34}, "_collect_title": {"executed_lines": [], "summary": {"covered_lines": 0, "num_statements": 10, "percent_covered": 0.0, "percent_covered_display": "0", "missing_lines": 10, "excluded_lines": 0, "percent_statements_covered": 0.0, "percent_statements_covered_display": "0"}, "missing_lines": [88, 90, 91, 92, 94, 101, 102, 103, 104, 106], "excluded_lines": [], "start_line": 75}, "_collect_reasoning": {"executed_lines": [], "summary": {"covered_lines": 0, "num_statements": 5, "percent_covered": 0.0, "percent_covered_display": "0", "missing_lines": 5, "excluded_lines": 0, "percent_statements_covered": 0.0, "percent_statements_covered_display": "0"}, "missing_lines": [122, 124, 126, 127, 129], "excluded_lines": [], "start_line": 109}, "_collect_optional_fields": {"executed_lines": [], "summary": {"covered_lines": 0, "num_statements": 14, "percent_covered": 0.0, "percent_covered_display": "0", "missing_lines": 14, "excluded_lines": 0, "percent_statements_covered": 0.0, "percent_statements_covered_display": "0"}, "missing_lines": [143, 145, 146, 148, 149, 150, 151, 152, 154, 155, 158, 159, 160, 162], "excluded_lines": [], "start_line": 132}, "validate_task_id": {"executed_lines": [], "summary": {"covered_lines": 0, "num_statements": 5, "percent_covered": 0.0, "percent_covered_display": "0", "missing_lines": 5, "excluded_lines": 0, "percent_statements_covered": 0.0, "percent_statements_covered_display": "0"}, "missing_lines": [175, 176, 177, 178, 179], "excluded_lines": [], "start_line": 165}, "generate_batch_id": {"executed_lines": [192, 194, 195], "summary": {"covered_lines": 3, "num_statements": 3, "percent_covered": 100.0, "percent_covered_display": "100", "missing_lines": 0, "excluded_lines": 0, "percent_statements_covered": 100.0, "percent_statements_covered_display": "100"}, "missing_lines": [], "excluded_lines": [], "start_line": 182}, "": {"executed_lines": [3, 4, 5, 7, 9, 12, 13, 24, 25, 26, 27, 29, 34, 75, 109, 132, 165, 182], "summary": {"covered_lines": 18, "num_statements": 18, "percent_covered": 100.0, "percent_covered_display": "100", "missing_lines": 0, "excluded_lines": 0, "percent_statements_covered": 100.0, "percent_statements_covered_display": "100"}, "missing_lines": [], "excluded_lines": [], "start_line": 1}}, "classes": {"BaselineReport": {"executed_lines": [30, 31], "summary": {"covered_lines": 2, "num_statements": 2, "percent_covered": 100.0, "percent_covered_display": "100", "missing_lines": 0, "excluded_lines": 0, "percent_statements_covered": 100.0, "percent_statements_covered_display": "100"}, "missing_lines": [], "excluded_lines": [], "start_line": 13}, "": {"executed_lines": [3, 4, 5, 7, 9, 12, 13, 24, 25, 26, 27, 29, 34, 75, 109, 132, 165, 182, 192, 194, 195], "summary": {"covered_lines": 21, "num_statements": 61, "percent_covered": 34.42622950819672, "percent_covered_display": "34", "missing_lines": 40, "excluded_lines": 0, "percent_statements_covered": 34.42622950819672, "percent_statements_covered_display": "34"}, "missing_lines": [58, 60, 61, 63, 65, 67, 88, 90, 91, 92, 94, 101, 102, 103, 104, 106, 122, 124, 126, 127, 129, 143, 145, 146, 148, 149, 150, 151, 152, 154, 155, 158, 159, 160, 162, 175, 176, 177, 178, 179], "excluded_lines": [], "start_line": 1}}}, "village/chat/context.py": {"executed_lines": [3, 4, 5, 6, 8, 10, 17, 20, 21, 24, 25, 26, 27, 30, 31, 34, 35, 36, 39, 49, 50, 51, 54, 66, 67, 69, 70, 71, 72, 75, 85, 87, 88, 89, 90, 91, 93, 96, 110, 112, 113, 114, 116], "summary": {"covered_lines": 43, "num_statements": 43, "percent_covered": 100.0, "percent_covered_display": "100", "missing_lines": 0, "excluded_lines": 3, "percent_statements_covered": 100.0, "percent_statements_covered_display": "100"}, "missing_lines": [], "excluded_lines": [12, 13, 15], "functions": {"get_context_dir": {"executed_lines": [49, 50, 51], "summary": {"covered_lines": 3, "num_statements": 3, "percent_covered": 100.0, "percent_covered_display": "100", "missing_lines": 0, "excluded_lines": 0, "percent_statements_covered": 100.0, "percent_statements_covered_display": "100"}, "missing_lines": [], "excluded_lines": [], "start_line": 39}, "write_context_file": {"executed_lines": [66, 67, 69, 70, 71, 72], "summary": {"covered_lines": 6, "num_statements": 6, "percent_covered": 100.0, "percent_covered_display": "100", "missing_lines": 0, "excluded_lines": 0, "percent_statements_covered": 100.0, "percent_statements_covered_display": "100"}, "missing_lines": [], "excluded_lines": [], "start_line": 54}, "get_current_context": {"executed_lines": [85, 87, 88, 89, 90, 91, 93], "summary": {"covered_lines": 7, "num_statements": 7, "percent_covered": 100.0, "percent_covered_display": "100", "missing_lines": 0, "excluded_lines": 0, "percent_statements_covered": 100.0, "percent_statements_covered_display": "100"}, "missing_lines": [], "excluded_lines": [], "start_line": 75}, "apply_context_update": {"executed_lines": [110, 112, 113, 114, 116], "summary": {"covered_lines": 5, "num_statements": 5, "percent_covered": 100.0, "percent_covered_display": "100", "missing_lines": 0, "excluded_lines": 0, "percent_statements_covered": 100.0, "percent_statements_covered_display": "100"}, "missing_lines": [], "excluded_lines": [], "start_line": 96}, "": {"executed_lines": [3, 4, 5, 6, 8, 10, 17, 20, 21, 24, 25, 26, 27, 30, 31, 34, 35, 36, 39, 54, 75, 96], "summary": {"covered_lines": 22, "num_statements": 22, "percent_covered": 100.0, "percent_covered_display": "100", "missing_lines": 0, "excluded_lines": 3, "percent_statements_covered": 100.0, "percent_statements_covered_display": "100"}, "missing_lines": [], "excluded_lines": [12, 13, 15], "start_line": 1}}, "classes": {"ContextUpdate": {"executed_lines": [], "summary": {"covered_lines": 0, "num_statements": 0, "percent_covered": 100.0, "percent_covered_display": "100", "missing_lines": 0, "excluded_lines": 0, "percent_statements_covered": 100.0, "percent_statements_covered_display": "100"}, "missing_lines": [], "excluded_lines": [], "start_line": 21}, "ContextFile": {"executed_lines": [], "summary": {"covered_lines": 0, "num_statements": 0, "percent_covered": 100.0, "percent_covered_display": "100", "missing_lines": 0, "excluded_lines": 0, "percent_statements_covered": 100.0, "percent_statements_covered_display": "100"}, "missing_lines": [], "excluded_lines": [], "start_line": 31}, "": {"executed_lines": [3, 4, 5, 6, 8, 10, 17, 20, 21, 24, 25, 26, 27, 30, 31, 34, 35, 36, 39, 49, 50, 51, 54, 66, 67, 69, 70, 71, 72, 75, 85, 87, 88, 89, 90, 91, 93, 96, 110, 112, 113, 114, 116], "summary": {"covered_lines": 43, "num_statements": 43, "percent_covered": 100.0, "percent_covered_display": "100", "missing_lines": 0, "excluded_lines": 3, "percent_statements_covered": 100.0, "percent_statements_covered_display": "100"}, "missing_lines": [], "excluded_lines": [12, 13, 15], "start_line": 1}}}, "village/chat/conversation.py": {"executed_lines": [3, 4, 5, 6, 7, 8, 9, 11, 12, 19, 27, 28, 29, 30, 34, 39, 40, 41, 42, 49, 50, 52, 55, 56, 59, 60, 61, 64, 65, 68, 69, 70, 71, 73, 74, 75, 76, 77, 78, 81, 92, 93, 95, 97, 99, 100, 102, 103, 108, 119, 120, 121, 123, 126, 189, 199, 200, 201, 203, 204, 205, 206, 208, 209, 210, 212, 213, 214, 217, 232, 233, 234, 235, 236, 238, 239, 240, 242, 245, 275, 290, 291, 292, 293, 294, 296, 297, 305, 306, 309, 323, 325, 333, 334, 335, 337, 338, 340, 344, 346, 349, 361, 370, 371, 372, 373, 374, 381, 382, 383, 384, 385, 386, 392, 393, 394, 395, 397, 400, 412, 421, 422, 423, 424, 425, 426, 427, 428, 429, 430, 431, 438, 441, 455, 464, 465, 466, 467, 468, 469, 475, 476, 477, 478, 485, 488, 499, 500, 501, 502, 508, 510, 511, 513, 520, 521, 524, 535, 536, 542, 544, 545, 546, 547, 548, 549, 553, 558, 559, 560, 562, 571, 574, 585, 587, 596, 597, 598, 599, 600, 602, 609, 612, 623, 624, 625, 626, 627, 638, 639, 647, 654, 664, 670, 671, 672, 673, 677, 682, 684, 685, 688, 690, 693, 716, 717, 719, 720, 722, 728, 739, 740, 744, 750, 762, 768, 770, 772, 774, 775, 776, 780, 795, 797, 798, 804, 806, 807, 810, 822, 824, 825, 828, 830, 836], "summary": {"covered_lines": 235, "num_statements": 307, "percent_covered": 76.54723127035831, "percent_covered_display": "77", "missing_lines": 72, "excluded_lines": 3, "percent_statements_covered": 76.54723127035831, "percent_statements_covered_display": "77"}, "missing_lines": [104, 105, 106, 140, 142, 144, 145, 146, 148, 149, 150, 159, 160, 161, 162, 164, 166, 168, 169, 170, 171, 173, 174, 175, 176, 177, 180, 181, 182, 184, 186, 259, 261, 262, 263, 269, 270, 271, 272, 295, 298, 299, 300, 301, 302, 303, 362, 368, 413, 419, 456, 462, 550, 551, 554, 555, 556, 588, 594, 635, 636, 640, 675, 678, 679, 680, 741, 742, 751, 760, 808, 826], "excluded_lines": [44, 45, 47], "functions": {"start_conversation": {"executed_lines": [92, 93, 95, 97, 99, 100, 102, 103, 108, 119, 120, 121, 123], "summary": {"covered_lines": 13, "num_statements": 16, "percent_covered": 81.25, "percent_covered_display": "81", "missing_lines": 3, "excluded_lines": 0, "percent_statements_covered": 81.25, "percent_statements_covered_display": "81"}, "missing_lines": [104, 105, 106], "excluded_lines": [], "start_line": 81}, "process_user_input": {"executed_lines": [], "summary": {"covered_lines": 0, "num_statements": 28, "percent_covered": 0.0, "percent_covered_display": "0", "missing_lines": 28, "excluded_lines": 0, "percent_statements_covered": 0.0, "percent_statements_covered_display": "0"}, "missing_lines": [140, 142, 144, 145, 146, 148, 149, 150, 159, 160, 161, 162, 164, 166, 168, 169, 170, 171, 173, 174, 175, 176, 177, 180, 181, 182, 184, 186], "excluded_lines": [], "start_line": 126}, "_parse_llm_response": {"executed_lines": [199, 200, 201, 203, 204, 205, 206, 208, 209, 210, 212, 213, 214], "summary": {"covered_lines": 13, "num_statements": 13, "percent_covered": 100.0, "percent_covered_display": "100", "missing_lines": 0, "excluded_lines": 0, "percent_statements_covered": 100.0, "percent_statements_covered_display": "100"}, "missing_lines": [], "excluded_lines": [], "start_line": 189}, "_extract_json": {"executed_lines": [232, 233, 234, 235, 236, 238, 239, 240, 242], "summary": {"covered_lines": 9, "num_statements": 9, "percent_covered": 100.0, "percent_covered_display": "100", "missing_lines": 0, "excluded_lines": 0, "percent_statements_covered": 100.0, "percent_statements_covered_display": "100"}, "missing_lines": [], "excluded_lines": [], "start_line": 217}, "_call_llm": {"executed_lines": [], "summary": {"covered_lines": 0, "num_statements": 8, "percent_covered": 0.0, "percent_covered_display": "0", "missing_lines": 8, "excluded_lines": 0, "percent_statements_covered": 0.0, "percent_statements_covered_display": "0"}, "missing_lines": [259, 261, 262, 263, 269, 270, 271, 272], "excluded_lines": [], "start_line": 245}, "_handle_task_subcommand": {"executed_lines": [290, 291, 292, 293, 294, 296, 297, 305, 306], "summary": {"covered_lines": 9, "num_statements": 16, "percent_covered": 56.25, "percent_covered_display": "56", "missing_lines": 7, "excluded_lines": 0, "percent_statements_covered": 56.25, "percent_statements_covered_display": "56"}, "missing_lines": [295, 298, 299, 300, 301, 302, 303], "excluded_lines": [], "start_line": 275}, "_switch_to_create_mode": {"executed_lines": [323, 325, 333, 334, 335, 337, 338, 340, 344, 346], "summary": {"covered_lines": 10, "num_statements": 10, "percent_covered": 100.0, "percent_covered_display": "100", "missing_lines": 0, "excluded_lines": 0, "percent_statements_covered": 100.0, "percent_statements_covered_display": "100"}, "missing_lines": [], "excluded_lines": [], "start_line": 309}, "_handle_enable": {"executed_lines": [361, 370, 371, 372, 373, 374, 381, 382, 383, 384, 385, 386, 392, 393, 394, 395, 397], "summary": {"covered_lines": 17, "num_statements": 19, "percent_covered": 89.47368421052632, "percent_covered_display": "89", "missing_lines": 2, "excluded_lines": 0, "percent_statements_covered": 89.47368421052632, "percent_statements_covered_display": "89"}, "missing_lines": [362, 368], "excluded_lines": [], "start_line": 349}, "_handle_edit": {"executed_lines": [412, 421, 422, 423, 424, 425, 426, 427, 428, 429, 430, 431, 438], "summary": {"covered_lines": 13, "num_statements": 15, "percent_covered": 86.66666666666667, "percent_covered_display": "87", "missing_lines": 2, "excluded_lines": 0, "percent_statements_covered": 86.66666666666667, "percent_statements_covered_display": "87"}, "missing_lines": [413, 419], "excluded_lines": [], "start_line": 400}, "_handle_discard": {"executed_lines": [455, 464, 465, 466, 467, 468, 469, 475, 476, 477, 478, 485], "summary": {"covered_lines": 12, "num_statements": 14, "percent_covered": 85.71428571428571, "percent_covered_display": "86", "missing_lines": 2, "excluded_lines": 0, "percent_statements_covered": 85.71428571428571, "percent_statements_covered_display": "86"}, "missing_lines": [456, 462], "excluded_lines": [], "start_line": 441}, "_handle_submit": {"executed_lines": [499, 500, 501, 502, 508, 510, 511, 513, 520, 521], "summary": {"covered_lines": 10, "num_statements": 10, "percent_covered": 100.0, "percent_covered_display": "100", "missing_lines": 0, "excluded_lines": 0, "percent_statements_covered": 100.0, "percent_statements_covered_display": "100"}, "missing_lines": [], "excluded_lines": [], "start_line": 488}, "_handle_reset": {"executed_lines": [535, 536, 542, 544, 545, 546, 547, 548, 549, 553, 558, 559, 560, 562, 571], "summary": {"covered_lines": 15, "num_statements": 20, "percent_covered": 75.0, "percent_covered_display": "75", "missing_lines": 5, "excluded_lines": 0, "percent_statements_covered": 75.0, "percent_statements_covered_display": "75"}, "missing_lines": [550, 551, 554, 555, 556], "excluded_lines": [], "start_line": 524}, "_handle_drafts": {"executed_lines": [585, 587, 596, 597, 598, 599, 600, 602, 609], "summary": {"covered_lines": 9, "num_statements": 11, "percent_covered": 81.81818181818181, "percent_covered_display": "82", "missing_lines": 2, "excluded_lines": 0, "percent_statements_covered": 81.81818181818181, "percent_statements_covered_display": "82"}, "missing_lines": [588, 594], "excluded_lines": [], "start_line": 574}, "_prepare_batch_summary": {"executed_lines": [623, 624, 625, 626, 627, 638, 639, 647], "summary": {"covered_lines": 8, "num_statements": 11, "percent_covered": 72.72727272727273, "percent_covered_display": "73", "missing_lines": 3, "excluded_lines": 0, "percent_statements_covered": 72.72727272727273, "percent_statements_covered_display": "73"}, "missing_lines": [635, 636, 640], "excluded_lines": [], "start_line": 612}, "_display_batch_summary": {"executed_lines": [664, 670, 671, 672, 673, 677, 682, 684, 685], "summary": {"covered_lines": 9, "num_statements": 13, "percent_covered": 69.23076923076923, "percent_covered_display": "69", "missing_lines": 4, "excluded_lines": 0, "percent_statements_covered": 69.23076923076923, "percent_statements_covered_display": "69"}, "missing_lines": [675, 678, 679, 680], "excluded_lines": [], "start_line": 654}, "should_exit": {"executed_lines": [690], "summary": {"covered_lines": 1, "num_statements": 1, "percent_covered": 100.0, "percent_covered_display": "100", "missing_lines": 0, "excluded_lines": 0, "percent_statements_covered": 100.0, "percent_statements_covered_display": "100"}, "missing_lines": [], "excluded_lines": [], "start_line": 688}, "_handle_brainstorm": {"executed_lines": [716, 717, 719, 720, 722, 728, 739, 740, 744, 750, 762, 768, 770, 772, 774, 775, 776, 780, 795, 797, 798, 804, 806, 807, 810, 822, 824, 825, 828, 830, 836], "summary": {"covered_lines": 31, "num_statements": 37, "percent_covered": 83.78378378378379, "percent_covered_display": "84", "missing_lines": 6, "excluded_lines": 0, "percent_statements_covered": 83.78378378378379, "percent_statements_covered_display": "84"}, "missing_lines": [741, 742, 751, 760, 808, 826], "excluded_lines": [], "start_line": 693}, "": {"executed_lines": [3, 4, 5, 6, 7, 8, 9, 11, 12, 19, 27, 28, 29, 30, 34, 39, 40, 41, 42, 49, 50, 52, 55, 56, 59, 60, 61, 64, 65, 68, 69, 70, 71, 73, 74, 75, 76, 77, 78, 81, 126, 189, 217, 245, 275, 309, 349, 400, 441, 488, 524, 574, 612, 654, 688, 693], "summary": {"covered_lines": 56, "num_statements": 56, "percent_covered": 100.0, "percent_covered_display": "100", "missing_lines": 0, "excluded_lines": 3, "percent_statements_covered": 100.0, "percent_statements_covered_display": "100"}, "missing_lines": [], "excluded_lines": [44, 45, 47], "start_line": 1}}, "classes": {"ConversationMessage": {"executed_lines": [], "summary": {"covered_lines": 0, "num_statements": 0, "percent_covered": 100.0, "percent_covered_display": "100", "missing_lines": 0, "excluded_lines": 0, "percent_statements_covered": 100.0, "percent_statements_covered_display": "100"}, "missing_lines": [], "excluded_lines": [], "start_line": 56}, "ConversationState": {"executed_lines": [], "summary": {"covered_lines": 0, "num_statements": 0, "percent_covered": 100.0, "percent_covered_display": "100", "missing_lines": 0, "excluded_lines": 0, "percent_statements_covered": 100.0, "percent_statements_covered_display": "100"}, "missing_lines": [], "excluded_lines": [], "start_line": 65}, "": {"executed_lines": [3, 4, 5, 6, 7, 8, 9, 11, 12, 19, 27, 28, 29, 30, 34, 39, 40, 41, 42, 49, 50, 52, 55, 56, 59, 60, 61, 64, 65, 68, 69, 70, 71, 73, 74, 75, 76, 77, 78, 81, 92, 93, 95, 97, 99, 100, 102, 103, 108, 119, 120, 121, 123, 126, 189, 199, 200, 201, 203, 204, 205, 206, 208, 209, 210, 212, 213, 214, 217, 232, 233, 234, 235, 236, 238, 239, 240, 242, 245, 275, 290, 291, 292, 293, 294, 296, 297, 305, 306, 309, 323, 325, 333, 334, 335, 337, 338, 340, 344, 346, 349, 361, 370, 371, 372, 373, 374, 381, 382, 383, 384, 385, 386, 392, 393, 394, 395, 397, 400, 412, 421, 422, 423, 424, 425, 426, 427, 428, 429, 430, 431, 438, 441, 455, 464, 465, 466, 467, 468, 469, 475, 476, 477, 478, 485, 488, 499, 500, 501, 502, 508, 510, 511, 513, 520, 521, 524, 535, 536, 542, 544, 545, 546, 547, 548, 549, 553, 558, 559, 560, 562, 571, 574, 585, 587, 596, 597, 598, 599, 600, 602, 609, 612, 623, 624, 625, 626, 627, 638, 639, 647, 654, 664, 670, 671, 672, 673, 677, 682, 684, 685, 688, 690, 693, 716, 717, 719, 720, 722, 728, 739, 740, 744, 750, 762, 768, 770, 772, 774, 775, 776, 780, 795, 797, 798, 804, 806, 807, 810, 822, 824, 825, 828, 830, 836], "summary": {"covered_lines": 235, "num_statements": 307, "percent_covered": 76.54723127035831, "percent_covered_display": "77", "missing_lines": 72, "excluded_lines": 3, "percent_statements_covered": 76.54723127035831, "percent_statements_covered_display": "77"}, "missing_lines": [104, 105, 106, 140, 142, 144, 145, 146, 148, 149, 150, 159, 160, 161, 162, 164, 166, 168, 169, 170, 171, 173, 174, 175, 176, 177, 180, 181, 182, 184, 186, 259, 261, 262, 263, 269, 270, 271, 272, 295, 298, 299, 300, 301, 302, 303, 362, 368, 413, 419, 456, 462, 550, 551, 554, 555, 556, 588, 594, 635, 636, 640, 675, 678, 679, 680, 741, 742, 751, 760, 808, 826], "excluded_lines": [44, 45, 47], "start_line": 1}}}, "village/chat/drafts.py": {"executed_lines": [3, 4, 5, 6, 7, 8, 9, 16, 18, 21, 22, 25, 26, 27, 28, 29, 30, 31, 32, 33, 34, 35, 36, 39, 49, 50, 51, 54, 65, 66, 68, 70, 72, 73, 75, 78, 93, 94, 96, 97, 99, 100, 103, 105, 106, 108, 111, 121, 122, 124, 125, 126, 127, 128, 129, 132, 134, 137, 148, 149, 151, 152, 154, 155, 158, 165, 166, 169, 184, 187, 188], "summary": {"covered_lines": 71, "num_statements": 72, "percent_covered": 98.61111111111111, "percent_covered_display": "99", "missing_lines": 1, "excluded_lines": 3, "percent_statements_covered": 98.61111111111111, "percent_statements_covered_display": "99"}, "missing_lines": [185], "excluded_lines": [11, 12, 14], "functions": {"_get_drafts_dir": {"executed_lines": [49, 50, 51], "summary": {"covered_lines": 3, "num_statements": 3, "percent_covered": 100.0, "percent_covered_display": "100", "missing_lines": 0, "excluded_lines": 0, "percent_statements_covered": 100.0, "percent_statements_covered_display": "100"}, "missing_lines": [], "excluded_lines": [], "start_line": 39}, "save_draft": {"executed_lines": [65, 66, 68, 70, 72, 73, 75], "summary": {"covered_lines": 7, "num_statements": 7, "percent_covered": 100.0, "percent_covered_display": "100", "missing_lines": 0, "excluded_lines": 0, "percent_statements_covered": 100.0, "percent_statements_covered_display": "100"}, "missing_lines": [], "excluded_lines": [], "start_line": 54}, "load_draft": {"executed_lines": [93, 94, 96, 97, 99, 100, 103, 105, 106, 108], "summary": {"covered_lines": 10, "num_statements": 10, "percent_covered": 100.0, "percent_covered_display": "100", "missing_lines": 0, "excluded_lines": 0, "percent_statements_covered": 100.0, "percent_statements_covered_display": "100"}, "missing_lines": [], "excluded_lines": [], "start_line": 78}, "list_drafts": {"executed_lines": [121, 122, 124, 125, 126, 127, 128, 129, 132, 134], "summary": {"covered_lines": 10, "num_statements": 10, "percent_covered": 100.0, "percent_covered_display": "100", "missing_lines": 0, "excluded_lines": 0, "percent_statements_covered": 100.0, "percent_statements_covered_display": "100"}, "missing_lines": [], "excluded_lines": [], "start_line": 111}, "delete_draft": {"executed_lines": [148, 149, 151, 152, 154, 155], "summary": {"covered_lines": 6, "num_statements": 6, "percent_covered": 100.0, "percent_covered_display": "100", "missing_lines": 0, "excluded_lines": 0, "percent_statements_covered": 100.0, "percent_statements_covered_display": "100"}, "missing_lines": [], "excluded_lines": [], "start_line": 137}, "generate_draft_id": {"executed_lines": [165, 166], "summary": {"covered_lines": 2, "num_statements": 2, "percent_covered": 100.0, "percent_covered_display": "100", "missing_lines": 0, "excluded_lines": 0, "percent_statements_covered": 100.0, "percent_statements_covered_display": "100"}, "missing_lines": [], "excluded_lines": [], "start_line": 158}, "draft_id_to_task_id": {"executed_lines": [184, 187, 188], "summary": {"covered_lines": 3, "num_statements": 4, "percent_covered": 75.0, "percent_covered_display": "75", "missing_lines": 1, "excluded_lines": 0, "percent_statements_covered": 75.0, "percent_statements_covered_display": "75"}, "missing_lines": [185], "excluded_lines": [], "start_line": 169}, "": {"executed_lines": [3, 4, 5, 6, 7, 8, 9, 16, 18, 21, 22, 25, 26, 27, 28, 29, 30, 31, 32, 33, 34, 35, 36, 39, 54, 78, 111, 137, 158, 169], "summary": {"covered_lines": 30, "num_statements": 30, "percent_covered": 100.0, "percent_covered_display": "100", "missing_lines": 0, "excluded_lines": 3, "percent_statements_covered": 100.0, "percent_statements_covered_display": "100"}, "missing_lines": [], "excluded_lines": [11, 12, 14], "start_line": 1}}, "classes": {"DraftTask": {"executed_lines": [], "summary": {"covered_lines": 0, "num_statements": 0, "percent_covered": 100.0, "percent_covered_display": "100", "missing_lines": 0, "excluded_lines": 0, "percent_statements_covered": 100.0, "percent_statements_covered_display": "100"}, "missing_lines": [], "excluded_lines": [], "start_line": 22}, "": {"executed_lines": [3, 4, 5, 6, 7, 8, 9, 16, 18, 21, 22, 25, 26, 27, 28, 29, 30, 31, 32, 33, 34, 35, 36, 39, 49, 50, 51, 54, 65, 66, 68, 70, 72, 73, 75, 78, 93, 94, 96, 97, 99, 100, 103, 105, 106, 108, 111, 121, 122, 124, 125, 126, 127, 128, 129, 132, 134, 137, 148, 149, 151, 152, 154, 155, 158, 165, 166, 169, 184, 187, 188], "summary": {"covered_lines": 71, "num_statements": 72, "percent_covered": 98.61111111111111, "percent_covered_display": "99", "missing_lines": 1, "excluded_lines": 3, "percent_statements_covered": 98.61111111111111, "percent_statements_covered_display": "99"}, "missing_lines": [185], "excluded_lines": [11, 12, 14], "start_line": 1}}}, "village/chat/errors.py": {"executed_lines": [3, 4, 5, 8, 12, 15, 16, 17, 18, 21, 22, 23, 26, 27, 30, 33, 34, 37, 38, 39, 42, 46, 47, 50, 51, 52, 54], "summary": {"covered_lines": 27, "num_statements": 28, "percent_covered": 96.42857142857143, "percent_covered_display": "96", "missing_lines": 1, "excluded_lines": 0, "percent_statements_covered": 96.42857142857143, "percent_statements_covered_display": "96"}, "missing_lines": [55], "excluded_lines": [], "functions": {"ChatError.__str__": {"executed_lines": [], "summary": {"covered_lines": 0, "num_statements": 1, "percent_covered": 0.0, "percent_covered_display": "0", "missing_lines": 1, "excluded_lines": 0, "percent_statements_covered": 0.0, "percent_statements_covered_display": "0"}, "missing_lines": [55], "excluded_lines": [], "start_line": 54}, "": {"executed_lines": [3, 4, 5, 8, 12, 15, 16, 17, 18, 21, 22, 23, 26, 27, 30, 33, 34, 37, 38, 39, 42, 46, 47, 50, 51, 52, 54], "summary": {"covered_lines": 27, "num_statements": 27, "percent_covered": 100.0, "percent_covered_display": "100", "missing_lines": 0, "excluded_lines": 0, "percent_statements_covered": 100.0, "percent_statements_covered_display": "100"}, "missing_lines": [], "excluded_lines": [], "start_line": 1}}, "classes": {"ChatExitCode": {"executed_lines": [], "summary": {"covered_lines": 0, "num_statements": 0, "percent_covered": 100.0, "percent_covered_display": "100", "missing_lines": 0, "excluded_lines": 0, "percent_statements_covered": 100.0, "percent_statements_covered_display": "100"}, "missing_lines": [], "excluded_lines": [], "start_line": 8}, "PromptGenerationError": {"executed_lines": [], "summary": {"covered_lines": 0, "num_statements": 0, "percent_covered": 100.0, "percent_covered_display": "100", "missing_lines": 0, "excluded_lines": 0, "percent_statements_covered": 100.0, "percent_statements_covered_display": "100"}, "missing_lines": [], "excluded_lines": [], "start_line": 42}, "ChatError": {"executed_lines": [], "summary": {"covered_lines": 0, "num_statements": 1, "percent_covered": 0.0, "percent_covered_display": "0", "missing_lines": 1, "excluded_lines": 0, "percent_statements_covered": 0.0, "percent_statements_covered_display": "0"}, "missing_lines": [55], "excluded_lines": [], "start_line": 47}, "": {"executed_lines": [3, 4, 5, 8, 12, 15, 16, 17, 18, 21, 22, 23, 26, 27, 30, 33, 34, 37, 38, 39, 42, 46, 47, 50, 51, 52, 54], "summary": {"covered_lines": 27, "num_statements": 27, "percent_covered": 100.0, "percent_covered_display": "100", "missing_lines": 0, "excluded_lines": 0, "percent_statements_covered": 100.0, "percent_statements_covered_display": "100"}, "missing_lines": [], "excluded_lines": [], "start_line": 1}}}, "village/chat/initialization.py": {"executed_lines": [3, 5, 6, 8, 11, 29, 31, 32, 33, 35, 36, 37, 38, 39, 41, 42, 43, 45, 46, 47, 49, 50, 51, 54, 64, 65], "summary": {"covered_lines": 26, "num_statements": 26, "percent_covered": 100.0, "percent_covered_display": "100", "missing_lines": 0, "excluded_lines": 0, "percent_statements_covered": 100.0, "percent_statements_covered_display": "100"}, "missing_lines": [], "excluded_lines": [], "functions": {"ensure_beads_initialized": {"executed_lines": [29, 31, 32, 33, 35, 36, 37, 38, 39, 41, 42, 43, 45, 46, 47, 49, 50, 51], "summary": {"covered_lines": 18, "num_statements": 18, "percent_covered": 100.0, "percent_covered_display": "100", "missing_lines": 0, "excluded_lines": 0, "percent_statements_covered": 100.0, "percent_statements_covered_display": "100"}, "missing_lines": [], "excluded_lines": [], "start_line": 11}, "is_beads_available": {"executed_lines": [64, 65], "summary": {"covered_lines": 2, "num_statements": 2, "percent_covered": 100.0, "percent_covered_display": "100", "missing_lines": 0, "excluded_lines": 0, "percent_statements_covered": 100.0, "percent_statements_covered_display": "100"}, "missing_lines": [], "excluded_lines": [], "start_line": 54}, "": {"executed_lines": [3, 5, 6, 8, 11, 54], "summary": {"covered_lines": 6, "num_statements": 6, "percent_covered": 100.0, "percent_covered_display": "100", "missing_lines": 0, "excluded_lines": 0, "percent_statements_covered": 100.0, "percent_statements_covered_display": "100"}, "missing_lines": [], "excluded_lines": [], "start_line": 1}}, "classes": {"": {"executed_lines": [3, 5, 6, 8, 11, 29, 31, 32, 33, 35, 36, 37, 38, 39, 41, 42, 43, 45, 46, 47, 49, 50, 51, 54, 64, 65], "summary": {"covered_lines": 26, "num_statements": 26, "percent_covered": 100.0, "percent_covered_display": "100", "missing_lines": 0, "excluded_lines": 0, "percent_statements_covered": 100.0, "percent_statements_covered_display": "100"}, "missing_lines": [], "excluded_lines": [], "start_line": 1}}}, "village/chat/prompts.py": {"executed_lines": [3, 4, 5, 7, 8, 9, 14, 16, 19, 22, 23, 26, 100, 112, 113, 115, 116, 117, 118, 119, 120, 122, 123, 124, 125, 126, 127, 129, 130, 131, 132, 134, 137, 151, 153, 156, 157, 164, 177, 180, 215, 229, 232, 234, 235, 240], "summary": {"covered_lines": 46, "num_statements": 68, "percent_covered": 67.6470588235294, "percent_covered_display": "68", "missing_lines": 22, "excluded_lines": 2, "percent_statements_covered": 67.6470588235294, "percent_statements_covered_display": "68"}, "missing_lines": [154, 155, 158, 160, 161, 194, 197, 198, 201, 202, 204, 206, 208, 209, 210, 211, 212, 230, 237, 250, 251, 287], "excluded_lines": [11, 12], "functions": {"detect_prompt_backend": {"executed_lines": [112, 113, 115, 116, 117, 118, 119, 120, 122, 123, 124, 125, 126, 127, 129, 130, 131, 132, 134], "summary": {"covered_lines": 19, "num_statements": 19, "percent_covered": 100.0, "percent_covered_display": "100", "missing_lines": 0, "excluded_lines": 0, "percent_statements_covered": 100.0, "percent_statements_covered_display": "100"}, "missing_lines": [], "excluded_lines": [], "start_line": 100}, "generate_mode_prompt": {"executed_lines": [151, 153, 156, 157], "summary": {"covered_lines": 4, "num_statements": 9, "percent_covered": 44.44444444444444, "percent_covered_display": "44", "missing_lines": 5, "excluded_lines": 0, "percent_statements_covered": 44.44444444444444, "percent_statements_covered_display": "44"}, "missing_lines": [154, 155, 158, 160, 161], "excluded_lines": [], "start_line": 137}, "generate_initial_prompt": {"executed_lines": [177], "summary": {"covered_lines": 1, "num_statements": 1, "percent_covered": 100.0, "percent_covered_display": "100", "missing_lines": 0, "excluded_lines": 0, "percent_statements_covered": 100.0, "percent_statements_covered_display": "100"}, "missing_lines": [], "excluded_lines": [], "start_line": 164}, "_compile_ppc_prompt": {"executed_lines": [], "summary": {"covered_lines": 0, "num_statements": 12, "percent_covered": 0.0, "percent_covered_display": "0", "missing_lines": 12, "excluded_lines": 0, "percent_statements_covered": 0.0, "percent_statements_covered_display": "0"}, "missing_lines": [194, 197, 198, 201, 202, 204, 206, 208, 209, 210, 211, 212], "excluded_lines": [], "start_line": 180}, "_load_fabric_context": {"executed_lines": [229, 232, 234, 235], "summary": {"covered_lines": 4, "num_statements": 6, "percent_covered": 66.66666666666667, "percent_covered_display": "67", "missing_lines": 2, "excluded_lines": 0, "percent_statements_covered": 66.66666666666667, "percent_statements_covered_display": "67"}, "missing_lines": [230, 237], "excluded_lines": [], "start_line": 215}, "_get_embedded_fallback": {"executed_lines": [], "summary": {"covered_lines": 0, "num_statements": 3, "percent_covered": 0.0, "percent_covered_display": "0", "missing_lines": 3, "excluded_lines": 0, "percent_statements_covered": 0.0, "percent_statements_covered_display": "0"}, "missing_lines": [250, 251, 287], "excluded_lines": [], "start_line": 240}, "": {"executed_lines": [3, 4, 5, 7, 8, 9, 14, 16, 19, 22, 23, 26, 100, 137, 164, 180, 215, 240], "summary": {"covered_lines": 18, "num_statements": 18, "percent_covered": 100.0, "percent_covered_display": "100", "missing_lines": 0, "excluded_lines": 2, "percent_statements_covered": 100.0, "percent_statements_covered_display": "100"}, "missing_lines": [], "excluded_lines": [11, 12], "start_line": 1}}, "classes": {"ChatMode": {"executed_lines": [], "summary": {"covered_lines": 0, "num_statements": 0, "percent_covered": 100.0, "percent_covered_display": "100", "missing_lines": 0, "excluded_lines": 0, "percent_statements_covered": 100.0, "percent_statements_covered_display": "100"}, "missing_lines": [], "excluded_lines": [], "start_line": 19}, "": {"executed_lines": [3, 4, 5, 7, 8, 9, 14, 16, 19, 22, 23, 26, 100, 112, 113, 115, 116, 117, 118, 119, 120, 122, 123, 124, 125, 126, 127, 129, 130, 131, 132, 134, 137, 151, 153, 156, 157, 164, 177, 180, 215, 229, 232, 234, 235, 240], "summary": {"covered_lines": 46, "num_statements": 68, "percent_covered": 67.6470588235294, "percent_covered_display": "68", "missing_lines": 22, "excluded_lines": 2, "percent_statements_covered": 67.6470588235294, "percent_statements_covered_display": "68"}, "missing_lines": [154, 155, 158, 160, 161, 194, 197, 198, 201, 202, 204, 206, 208, 209, 210, 211, 212, 230, 237, 250, 251, 287], "excluded_lines": [11, 12], "start_line": 1}}}, "village/chat/schema.py": {"executed_lines": [3, 4, 6, 16, 17, 20, 21, 24, 34, 36, 37, 38, 40, 41, 42, 44, 45, 46, 53, 54, 55, 61, 62, 64, 65, 67], "summary": {"covered_lines": 26, "num_statements": 26, "percent_covered": 100.0, "percent_covered_display": "100", "missing_lines": 0, "excluded_lines": 0, "percent_statements_covered": 100.0, "percent_statements_covered_display": "100"}, "missing_lines": [], "excluded_lines": [], "functions": {"validate_schema": {"executed_lines": [34, 36, 37, 38, 40, 41, 42, 44, 45, 46, 53, 54, 55, 61, 62, 64, 65, 67], "summary": {"covered_lines": 18, "num_statements": 18, "percent_covered": 100.0, "percent_covered_display": "100", "missing_lines": 0, "excluded_lines": 0, "percent_statements_covered": 100.0, "percent_statements_covered_display": "100"}, "missing_lines": [], "excluded_lines": [], "start_line": 24}, "": {"executed_lines": [3, 4, 6, 16, 17, 20, 21, 24], "summary": {"covered_lines": 8, "num_statements": 8, "percent_covered": 100.0, "percent_covered_display": "100", "missing_lines": 0, "excluded_lines": 0, "percent_statements_covered": 100.0, "percent_statements_covered_display": "100"}, "missing_lines": [], "excluded_lines": [], "start_line": 1}}, "classes": {"ValidationError": {"executed_lines": [], "summary": {"covered_lines": 0, "num_statements": 0, "percent_covered": 100.0, "percent_covered_display": "100", "missing_lines": 0, "excluded_lines": 0, "percent_statements_covered": 100.0, "percent_statements_covered_display": "100"}, "missing_lines": [], "excluded_lines": [], "start_line": 17}, "": {"executed_lines": [3, 4, 6, 16, 17, 20, 21, 24, 34, 36, 37, 38, 40, 41, 42, 44, 45, 46, 53, 54, 55, 61, 62, 64, 65, 67], "summary": {"covered_lines": 26, "num_statements": 26, "percent_covered": 100.0, "percent_covered_display": "100", "missing_lines": 0, "excluded_lines": 0, "percent_statements_covered": 100.0, "percent_statements_covered_display": "100"}, "missing_lines": [], "excluded_lines": [], "start_line": 1}}}, "village/chat/sequential_thinking.py": {"executed_lines": [3, 4, 5, 6, 7, 9, 10, 11, 12, 14, 17, 18, 32, 33, 34, 35, 36, 37, 38, 40, 41, 45, 46, 58, 59, 60, 61, 62, 64, 65, 69, 109, 126, 133, 134, 136, 137, 139, 144, 145, 155, 187, 190, 206, 208, 210, 211, 212, 213, 214, 215, 216, 217, 219, 220, 224, 227, 228, 229, 230, 239, 243, 244, 245, 246, 248, 257, 267, 269, 270, 271, 272, 273, 275], "summary": {"covered_lines": 74, "num_statements": 87, "percent_covered": 85.05747126436782, "percent_covered_display": "85", "missing_lines": 13, "excluded_lines": 0, "percent_statements_covered": 85.05747126436782, "percent_statements_covered_display": "85"}, "missing_lines": [42, 66, 91, 93, 95, 97, 104, 106, 221, 222, 225, 240, 241], "excluded_lines": [], "functions": {"TaskBreakdownItem.__post_init__": {"executed_lines": [41], "summary": {"covered_lines": 1, "num_statements": 2, "percent_covered": 50.0, "percent_covered_display": "50", "missing_lines": 1, "excluded_lines": 0, "percent_statements_covered": 50.0, "percent_statements_covered_display": "50"}, "missing_lines": [42], "excluded_lines": [], "start_line": 40}, "TaskBreakdown.__post_init__": {"executed_lines": [65], "summary": {"covered_lines": 1, "num_statements": 2, "percent_covered": 50.0, "percent_covered_display": "50", "missing_lines": 1, "excluded_lines": 0, "percent_statements_covered": 50.0, "percent_statements_covered_display": "50"}, "missing_lines": [66], "excluded_lines": [], "start_line": 64}, "generate_task_breakdown": {"executed_lines": [], "summary": {"covered_lines": 0, "num_statements": 6, "percent_covered": 0.0, "percent_covered_display": "0", "missing_lines": 6, "excluded_lines": 0, "percent_statements_covered": 0.0, "percent_statements_covered_display": "0"}, "missing_lines": [91, 93, 95, 97, 104, 106], "excluded_lines": [], "start_line": 69}, "_build_sequential_thinking_prompt": {"executed_lines": [126, 133, 134, 136, 137, 139, 144, 145, 155, 187], "summary": {"covered_lines": 10, "num_statements": 10, "percent_covered": 100.0, "percent_covered_display": "100", "missing_lines": 0, "excluded_lines": 0, "percent_statements_covered": 100.0, "percent_statements_covered_display": "100"}, "missing_lines": [], "excluded_lines": [], "start_line": 109}, "_parse_task_breakdown": {"executed_lines": [206, 208, 210, 211, 212, 213, 214, 215, 216, 217, 219, 220, 224, 227, 228, 229, 230, 239, 243, 244, 245, 246, 248], "summary": {"covered_lines": 23, "num_statements": 28, "percent_covered": 82.14285714285714, "percent_covered_display": "82", "missing_lines": 5, "excluded_lines": 0, "percent_statements_covered": 82.14285714285714, "percent_statements_covered_display": "82"}, "missing_lines": [221, 222, 225, 240, 241], "excluded_lines": [], "start_line": 190}, "validate_dependencies": {"executed_lines": [267, 269, 270, 271, 272, 273, 275], "summary": {"covered_lines": 7, "num_statements": 7, "percent_covered": 100.0, "percent_covered_display": "100", "missing_lines": 0, "excluded_lines": 0, "percent_statements_covered": 100.0, "percent_statements_covered_display": "100"}, "missing_lines": [], "excluded_lines": [], "start_line": 257}, "": {"executed_lines": [3, 4, 5, 6, 7, 9, 10, 11, 12, 14, 17, 18, 32, 33, 34, 35, 36, 37, 38, 40, 45, 46, 58, 59, 60, 61, 62, 64, 69, 109, 190, 257], "summary": {"covered_lines": 32, "num_statements": 32, "percent_covered": 100.0, "percent_covered_display": "100", "missing_lines": 0, "excluded_lines": 0, "percent_statements_covered": 100.0, "percent_statements_covered_display": "100"}, "missing_lines": [], "excluded_lines": [], "start_line": 1}}, "classes": {"TaskBreakdownItem": {"executed_lines": [41], "summary": {"covered_lines": 1, "num_statements": 2, "percent_covered": 50.0, "percent_covered_display": "50", "missing_lines": 1, "excluded_lines": 0, "percent_statements_covered": 50.0, "percent_statements_covered_display": "50"}, "missing_lines": [42], "excluded_lines": [], "start_line": 18}, "TaskBreakdown": {"executed_lines": [65], "summary": {"covered_lines": 1, "num_statements": 2, "percent_covered": 50.0, "percent_covered_display": "50", "missing_lines": 1, "excluded_lines": 0, "percent_statements_covered": 50.0, "percent_statements_covered_display": "50"}, "missing_lines": [66], "excluded_lines": [], "start_line": 46}, "": {"executed_lines": [3, 4, 5, 6, 7, 9, 10, 11, 12, 14, 17, 18, 32, 33, 34, 35, 36, 37, 38, 40, 45, 46, 58, 59, 60, 61, 62, 64, 69, 109, 126, 133, 134, 136, 137, 139, 144, 145, 155, 187, 190, 206, 208, 210, 211, 212, 213, 214, 215, 216, 217, 219, 220, 224, 227, 228, 229, 230, 239, 243, 244, 245, 246, 248, 257, 267, 269, 270, 271, 272, 273, 275], "summary": {"covered_lines": 72, "num_statements": 83, "percent_covered": 86.74698795180723, "percent_covered_display": "87", "missing_lines": 11, "excluded_lines": 0, "percent_statements_covered": 86.74698795180723, "percent_statements_covered_display": "87"}, "missing_lines": [91, 93, 95, 97, 104, 106, 221, 222, 225, 240, 241], "excluded_lines": [], "start_line": 1}}}, "village/chat/state.py": {"executed_lines": [3, 4, 5, 6, 7, 14, 16, 19, 20, 23, 24, 25, 26, 27, 28, 31, 32, 33, 36, 38, 40, 48, 49, 52, 54, 56, 57, 59, 60, 62, 65, 67, 69, 70, 72, 75, 77, 79, 80, 82, 90, 91, 94, 103, 104, 106], "summary": {"covered_lines": 46, "num_statements": 47, "percent_covered": 97.87234042553192, "percent_covered_display": "98", "missing_lines": 1, "excluded_lines": 3, "percent_statements_covered": 97.87234042553192, "percent_statements_covered_display": "98"}, "missing_lines": [92], "excluded_lines": [9, 10, 12], "functions": {"save_session_state": {"executed_lines": [38, 40, 48, 49], "summary": {"covered_lines": 4, "num_statements": 4, "percent_covered": 100.0, "percent_covered_display": "100", "missing_lines": 0, "excluded_lines": 0, "percent_statements_covered": 100.0, "percent_statements_covered_display": "100"}, "missing_lines": [], "excluded_lines": [], "start_line": 36}, "load_session_state": {"executed_lines": [54, 56, 57, 59, 60, 62], "summary": {"covered_lines": 6, "num_statements": 6, "percent_covered": 100.0, "percent_covered_display": "100", "missing_lines": 0, "excluded_lines": 0, "percent_statements_covered": 100.0, "percent_statements_covered_display": "100"}, "missing_lines": [], "excluded_lines": [], "start_line": 52}, "count_pending_changes": {"executed_lines": [67, 69, 70, 72], "summary": {"covered_lines": 4, "num_statements": 4, "percent_covered": 100.0, "percent_covered_display": "100", "missing_lines": 0, "excluded_lines": 0, "percent_statements_covered": 100.0, "percent_statements_covered_display": "100"}, "missing_lines": [], "excluded_lines": [], "start_line": 65}, "take_session_snapshot": {"executed_lines": [77, 79, 80, 82, 90, 91, 94, 103, 104, 106], "summary": {"covered_lines": 10, "num_statements": 11, "percent_covered": 90.9090909090909, "percent_covered_display": "91", "missing_lines": 1, "excluded_lines": 0, "percent_statements_covered": 90.9090909090909, "percent_statements_covered_display": "91"}, "missing_lines": [92], "excluded_lines": [], "start_line": 75}, "": {"executed_lines": [3, 4, 5, 6, 7, 14, 16, 19, 20, 23, 24, 25, 26, 27, 28, 31, 32, 33, 36, 52, 65, 75], "summary": {"covered_lines": 22, "num_statements": 22, "percent_covered": 100.0, "percent_covered_display": "100", "missing_lines": 0, "excluded_lines": 3, "percent_statements_covered": 100.0, "percent_statements_covered_display": "100"}, "missing_lines": [], "excluded_lines": [9, 10, 12], "start_line": 1}}, "classes": {"SessionSnapshot": {"executed_lines": [], "summary": {"covered_lines": 0, "num_statements": 0, "percent_covered": 100.0, "percent_covered_display": "100", "missing_lines": 0, "excluded_lines": 0, "percent_statements_covered": 100.0, "percent_statements_covered_display": "100"}, "missing_lines": [], "excluded_lines": [], "start_line": 20}, "": {"executed_lines": [3, 4, 5, 6, 7, 14, 16, 19, 20, 23, 24, 25, 26, 27, 28, 31, 32, 33, 36, 38, 40, 48, 49, 52, 54, 56, 57, 59, 60, 62, 65, 67, 69, 70, 72, 75, 77, 79, 80, 82, 90, 91, 94, 103, 104, 106], "summary": {"covered_lines": 46, "num_statements": 47, "percent_covered": 97.87234042553192, "percent_covered_display": "98", "missing_lines": 1, "excluded_lines": 3, "percent_statements_covered": 97.87234042553192, "percent_statements_covered_display": "98"}, "missing_lines": [92], "excluded_lines": [9, 10, 12], "start_line": 1}}}, "village/chat/subcommands.py": {"executed_lines": [3, 4, 5, 7, 8, 9, 11, 18, 21, 22, 25, 26, 27, 30, 31, 34, 35, 36, 39, 91, 117, 159, 168, 180, 189, 199, 332, 342, 359, 369, 375, 391, 404, 417, 430, 443, 457], "summary": {"covered_lines": 37, "num_statements": 161, "percent_covered": 22.981366459627328, "percent_covered_display": "23", "missing_lines": 124, "excluded_lines": 3, "percent_statements_covered": 22.981366459627328, "percent_statements_covered_display": "23"}, "missing_lines": [101, 103, 104, 106, 107, 109, 110, 112, 114, 129, 147, 148, 149, 151, 152, 153, 154, 155, 156, 161, 162, 163, 164, 165, 170, 171, 173, 174, 175, 176, 177, 182, 183, 184, 185, 186, 191, 193, 194, 195, 196, 201, 242, 243, 244, 245, 263, 264, 273, 274, 284, 285, 292, 293, 299, 300, 314, 315, 324, 329, 334, 335, 337, 338, 339, 344, 346, 348, 349, 351, 352, 353, 355, 356, 366, 371, 372, 377, 378, 380, 381, 383, 384, 385, 386, 387, 388, 393, 394, 396, 397, 398, 399, 400, 401, 406, 407, 409, 410, 411, 412, 413, 414, 419, 421, 422, 424, 425, 427, 432, 434, 435, 437, 438, 440, 445, 447, 448, 450, 451, 452, 453, 455, 459], "excluded_lines": [13, 14, 16], "functions": {"parse_command": {"executed_lines": [], "summary": {"covered_lines": 0, "num_statements": 9, "percent_covered": 0.0, "percent_covered_display": "0", "missing_lines": 9, "excluded_lines": 0, "percent_statements_covered": 0.0, "percent_statements_covered_display": "0"}, "missing_lines": [101, 103, 104, 106, 107, 109, 110, 112, 114], "excluded_lines": [], "start_line": 91}, "execute_command": {"executed_lines": [], "summary": {"covered_lines": 0, "num_statements": 10, "percent_covered": 0.0, "percent_covered_display": "0", "missing_lines": 10, "excluded_lines": 0, "percent_statements_covered": 0.0, "percent_statements_covered_display": "0"}, "missing_lines": [129, 147, 148, 149, 151, 152, 153, 154, 155, 156], "excluded_lines": [], "start_line": 117}, "_bd_list": {"executed_lines": [], "summary": {"covered_lines": 0, "num_statements": 5, "percent_covered": 0.0, "percent_covered_display": "0", "missing_lines": 5, "excluded_lines": 0, "percent_statements_covered": 0.0, "percent_statements_covered_display": "0"}, "missing_lines": [161, 162, 163, 164, 165], "excluded_lines": [], "start_line": 159}, "_bd_show": {"executed_lines": [], "summary": {"covered_lines": 0, "num_statements": 7, "percent_covered": 0.0, "percent_covered_display": "0", "missing_lines": 7, "excluded_lines": 0, "percent_statements_covered": 0.0, "percent_statements_covered_display": "0"}, "missing_lines": [170, 171, 173, 174, 175, 176, 177], "excluded_lines": [], "start_line": 168}, "_bd_ready": {"executed_lines": [], "summary": {"covered_lines": 0, "num_statements": 5, "percent_covered": 0.0, "percent_covered_display": "0", "missing_lines": 5, "excluded_lines": 0, "percent_statements_covered": 0.0, "percent_statements_covered_display": "0"}, "missing_lines": [182, 183, 184, 185, 186], "excluded_lines": [], "start_line": 180}, "_village_status": {"executed_lines": [], "summary": {"covered_lines": 0, "num_statements": 5, "percent_covered": 0.0, "percent_covered_display": "0", "missing_lines": 5, "excluded_lines": 0, "percent_statements_covered": 0.0, "percent_statements_covered_display": "0"}, "missing_lines": [191, 193, 194, 195, 196], "excluded_lines": [], "start_line": 189}, "_help_text": {"executed_lines": [], "summary": {"covered_lines": 0, "num_statements": 19, "percent_covered": 0.0, "percent_covered_display": "0", "missing_lines": 19, "excluded_lines": 0, "percent_statements_covered": 0.0, "percent_statements_covered_display": "0"}, "missing_lines": [201, 242, 243, 244, 245, 263, 264, 273, 274, 284, 285, 292, 293, 299, 300, 314, 315, 324, 329], "excluded_lines": [], "start_line": 199}, "_village_locks": {"executed_lines": [], "summary": {"covered_lines": 0, "num_statements": 5, "percent_covered": 0.0, "percent_covered_display": "0", "missing_lines": 5, "excluded_lines": 0, "percent_statements_covered": 0.0, "percent_statements_covered_display": "0"}, "missing_lines": [334, 335, 337, 338, 339], "excluded_lines": [], "start_line": 332}, "_village_cleanup_plan": {"executed_lines": [], "summary": {"covered_lines": 0, "num_statements": 9, "percent_covered": 0.0, "percent_covered_display": "0", "missing_lines": 9, "excluded_lines": 0, "percent_statements_covered": 0.0, "percent_statements_covered_display": "0"}, "missing_lines": [344, 346, 348, 349, 351, 352, 353, 355, 356], "excluded_lines": [], "start_line": 342}, "get_available_commands": {"executed_lines": [], "summary": {"covered_lines": 0, "num_statements": 1, "percent_covered": 0.0, "percent_covered_display": "0", "missing_lines": 1, "excluded_lines": 0, "percent_statements_covered": 0.0, "percent_statements_covered_display": "0"}, "missing_lines": [366], "excluded_lines": [], "start_line": 359}, "_task_create": {"executed_lines": [], "summary": {"covered_lines": 0, "num_statements": 2, "percent_covered": 0.0, "percent_covered_display": "0", "missing_lines": 2, "excluded_lines": 0, "percent_statements_covered": 0.0, "percent_statements_covered_display": "0"}, "missing_lines": [371, 372], "excluded_lines": [], "start_line": 369}, "_task_enable": {"executed_lines": [], "summary": {"covered_lines": 0, "num_statements": 10, "percent_covered": 0.0, "percent_covered_display": "0", "missing_lines": 10, "excluded_lines": 0, "percent_statements_covered": 0.0, "percent_statements_covered_display": "0"}, "missing_lines": [377, 378, 380, 381, 383, 384, 385, 386, 387, 388], "excluded_lines": [], "start_line": 375}, "_task_edit": {"executed_lines": [], "summary": {"covered_lines": 0, "num_statements": 8, "percent_covered": 0.0, "percent_covered_display": "0", "missing_lines": 8, "excluded_lines": 0, "percent_statements_covered": 0.0, "percent_statements_covered_display": "0"}, "missing_lines": [393, 394, 396, 397, 398, 399, 400, 401], "excluded_lines": [], "start_line": 391}, "_task_discard": {"executed_lines": [], "summary": {"covered_lines": 0, "num_statements": 8, "percent_covered": 0.0, "percent_covered_display": "0", "missing_lines": 8, "excluded_lines": 0, "percent_statements_covered": 0.0, "percent_statements_covered_display": "0"}, "missing_lines": [406, 407, 409, 410, 411, 412, 413, 414], "excluded_lines": [], "start_line": 404}, "_task_submit": {"executed_lines": [], "summary": {"covered_lines": 0, "num_statements": 6, "percent_covered": 0.0, "percent_covered_display": "0", "missing_lines": 6, "excluded_lines": 0, "percent_statements_covered": 0.0, "percent_statements_covered_display": "0"}, "missing_lines": [419, 421, 422, 424, 425, 427], "excluded_lines": [], "start_line": 417}, "_task_reset": {"executed_lines": [], "summary": {"covered_lines": 0, "num_statements": 6, "percent_covered": 0.0, "percent_covered_display": "0", "missing_lines": 6, "excluded_lines": 0, "percent_statements_covered": 0.0, "percent_statements_covered_display": "0"}, "missing_lines": [432, 434, 435, 437, 438, 440], "excluded_lines": [], "start_line": 430}, "_task_list_drafts": {"executed_lines": [], "summary": {"covered_lines": 0, "num_statements": 8, "percent_covered": 0.0, "percent_covered_display": "0", "missing_lines": 8, "excluded_lines": 0, "percent_statements_covered": 0.0, "percent_statements_covered_display": "0"}, "missing_lines": [445, 447, 448, 450, 451, 452, 453, 455], "excluded_lines": [], "start_line": 443}, "_task_brainstorm": {"executed_lines": [], "summary": {"covered_lines": 0, "num_statements": 1, "percent_covered": 0.0, "percent_covered_display": "0", "missing_lines": 1, "excluded_lines": 0, "percent_statements_covered": 0.0, "percent_statements_covered_display": "0"}, "missing_lines": [459], "excluded_lines": [], "start_line": 457}, "": {"executed_lines": [3, 4, 5, 7, 8, 9, 11, 18, 21, 22, 25, 26, 27, 30, 31, 34, 35, 36, 39, 91, 117, 159, 168, 180, 189, 199, 332, 342, 359, 369, 375, 391, 404, 417, 430, 443, 457], "summary": {"covered_lines": 37, "num_statements": 37, "percent_covered": 100.0, "percent_covered_display": "100", "missing_lines": 0, "excluded_lines": 3, "percent_statements_covered": 100.0, "percent_statements_covered_display": "100"}, "missing_lines": [], "excluded_lines": [13, 14, 16], "start_line": 1}}, "classes": {"SubcommandResult": {"executed_lines": [], "summary": {"covered_lines": 0, "num_statements": 0, "percent_covered": 100.0, "percent_covered_display": "100", "missing_lines": 0, "excluded_lines": 0, "percent_statements_covered": 100.0, "percent_statements_covered_display": "100"}, "missing_lines": [], "excluded_lines": [], "start_line": 22}, "ParsedCommand": {"executed_lines": [], "summary": {"covered_lines": 0, "num_statements": 0, "percent_covered": 100.0, "percent_covered_display": "100", "missing_lines": 0, "excluded_lines": 0, "percent_statements_covered": 100.0, "percent_statements_covered_display": "100"}, "missing_lines": [], "excluded_lines": [], "start_line": 31}, "": {"executed_lines": [3, 4, 5, 7, 8, 9, 11, 18, 21, 22, 25, 26, 27, 30, 31, 34, 35, 36, 39, 91, 117, 159, 168, 180, 189, 199, 332, 342, 359, 369, 375, 391, 404, 417, 430, 443, 457], "summary": {"covered_lines": 37, "num_statements": 161, "percent_covered": 22.981366459627328, "percent_covered_display": "23", "missing_lines": 124, "excluded_lines": 3, "percent_statements_covered": 22.981366459627328, "percent_statements_covered_display": "23"}, "missing_lines": [101, 103, 104, 106, 107, 109, 110, 112, 114, 129, 147, 148, 149, 151, 152, 153, 154, 155, 156, 161, 162, 163, 164, 165, 170, 171, 173, 174, 175, 176, 177, 182, 183, 184, 185, 186, 191, 193, 194, 195, 196, 201, 242, 243, 244, 245, 263, 264, 273, 274, 284, 285, 292, 293, 299, 300, 314, 315, 324, 329, 334, 335, 337, 338, 339, 344, 346, 348, 349, 351, 352, 353, 355, 356, 366, 371, 372, 377, 378, 380, 381, 383, 384, 385, 386, 387, 388, 393, 394, 396, 397, 398, 399, 400, 401, 406, 407, 409, 410, 411, 412, 413, 414, 419, 421, 422, 424, 425, 427, 432, 434, 435, 437, 438, 440, 445, 447, 448, 450, 451, 452, 453, 455, 459], "excluded_lines": [13, 14, 16], "start_line": 1}}}, "village/chat/task_extractor.py": {"executed_lines": [3, 4, 5, 6, 8, 9, 10, 11, 13, 16, 17, 33, 34, 35, 36, 37, 38, 39, 40, 41, 43, 44, 45, 46, 47, 48, 49, 50, 51, 54, 74, 76, 78, 79, 94, 95, 97, 99, 101, 103, 106, 122, 123, 124, 125, 127, 130, 166, 222, 258, 289, 322], "summary": {"covered_lines": 52, "num_statements": 122, "percent_covered": 42.622950819672134, "percent_covered_display": "43", "missing_lines": 70, "excluded_lines": 0, "percent_statements_covered": 42.622950819672134, "percent_statements_covered_display": "43"}, "missing_lines": [150, 152, 153, 154, 155, 156, 157, 158, 159, 161, 163, 183, 195, 196, 198, 199, 201, 202, 204, 205, 206, 207, 209, 211, 212, 213, 214, 215, 216, 217, 218, 219, 235, 237, 238, 239, 240, 241, 242, 243, 244, 245, 246, 247, 248, 250, 252, 254, 255, 269, 270, 272, 274, 275, 283, 284, 285, 286, 305, 307, 308, 317, 318, 319, 332, 334, 335, 336, 337, 338], "excluded_lines": [], "functions": {"BeadsTaskSpec.__post_init__": {"executed_lines": [44, 45, 46, 47, 48, 49, 50, 51], "summary": {"covered_lines": 8, "num_statements": 8, "percent_covered": 100.0, "percent_covered_display": "100", "missing_lines": 0, "excluded_lines": 0, "percent_statements_covered": 100.0, "percent_statements_covered_display": "100"}, "missing_lines": [], "excluded_lines": [], "start_line": 43}, "extract_beads_specs": {"executed_lines": [74, 76, 78, 79, 94, 95, 97, 99, 101, 103], "summary": {"covered_lines": 10, "num_statements": 10, "percent_covered": 100.0, "percent_covered_display": "100", "missing_lines": 0, "excluded_lines": 0, "percent_statements_covered": 100.0, "percent_statements_covered_display": "100"}, "missing_lines": [], "excluded_lines": [], "start_line": 54}, "_resolve_dependencies": {"executed_lines": [122, 123, 124, 125, 127], "summary": {"covered_lines": 5, "num_statements": 5, "percent_covered": 100.0, "percent_covered_display": "100", "missing_lines": 0, "excluded_lines": 0, "percent_statements_covered": 100.0, "percent_statements_covered_display": "100"}, "missing_lines": [], "excluded_lines": [], "start_line": 106}, "create_draft_tasks": {"executed_lines": [], "summary": {"covered_lines": 0, "num_statements": 11, "percent_covered": 0.0, "percent_covered_display": "0", "missing_lines": 11, "excluded_lines": 0, "percent_statements_covered": 0.0, "percent_statements_covered_display": "0"}, "missing_lines": [150, 152, 153, 154, 155, 156, 157, 158, 159, 161, 163], "excluded_lines": [], "start_line": 130}, "_create_single_draft": {"executed_lines": [], "summary": {"covered_lines": 0, "num_statements": 21, "percent_covered": 0.0, "percent_covered_display": "0", "missing_lines": 21, "excluded_lines": 0, "percent_statements_covered": 0.0, "percent_statements_covered_display": "0"}, "missing_lines": [183, 195, 196, 198, 199, 201, 202, 204, 205, 206, 207, 209, 211, 212, 213, 214, 215, 216, 217, 218, 219], "excluded_lines": [], "start_line": 166}, "_resolve_task_ids": {"executed_lines": [], "summary": {"covered_lines": 0, "num_statements": 17, "percent_covered": 0.0, "percent_covered_display": "0", "missing_lines": 17, "excluded_lines": 0, "percent_statements_covered": 0.0, "percent_statements_covered_display": "0"}, "missing_lines": [235, 237, 238, 239, 240, 241, 242, 243, 244, 245, 246, 247, 248, 250, 252, 254, 255], "excluded_lines": [], "start_line": 222}, "_update_task_dependencies": {"executed_lines": [], "summary": {"covered_lines": 0, "num_statements": 9, "percent_covered": 0.0, "percent_covered_display": "0", "missing_lines": 9, "excluded_lines": 0, "percent_statements_covered": 0.0, "percent_statements_covered_display": "0"}, "missing_lines": [269, 270, 272, 274, 275, 283, 284, 285, 286], "excluded_lines": [], "start_line": 258}, "update_task_status": {"executed_lines": [], "summary": {"covered_lines": 0, "num_statements": 6, "percent_covered": 0.0, "percent_covered_display": "0", "missing_lines": 6, "excluded_lines": 0, "percent_statements_covered": 0.0, "percent_statements_covered_display": "0"}, "missing_lines": [305, 307, 308, 317, 318, 319], "excluded_lines": [], "start_line": 289}, "delete_task": {"executed_lines": [], "summary": {"covered_lines": 0, "num_statements": 6, "percent_covered": 0.0, "percent_covered_display": "0", "missing_lines": 6, "excluded_lines": 0, "percent_statements_covered": 0.0, "percent_statements_covered_display": "0"}, "missing_lines": [332, 334, 335, 336, 337, 338], "excluded_lines": [], "start_line": 322}, "": {"executed_lines": [3, 4, 5, 6, 8, 9, 10, 11, 13, 16, 17, 33, 34, 35, 36, 37, 38, 39, 40, 41, 43, 54, 106, 130, 166, 222, 258, 289, 322], "summary": {"covered_lines": 29, "num_statements": 29, "percent_covered": 100.0, "percent_covered_display": "100", "missing_lines": 0, "excluded_lines": 0, "percent_statements_covered": 100.0, "percent_statements_covered_display": "100"}, "missing_lines": [], "excluded_lines": [], "start_line": 1}}, "classes": {"BeadsTaskSpec": {"executed_lines": [44, 45, 46, 47, 48, 49, 50, 51], "summary": {"covered_lines": 8, "num_statements": 8, "percent_covered": 100.0, "percent_covered_display": "100", "missing_lines": 0, "excluded_lines": 0, "percent_statements_covered": 100.0, "percent_statements_covered_display": "100"}, "missing_lines": [], "excluded_lines": [], "start_line": 17}, "": {"executed_lines": [3, 4, 5, 6, 8, 9, 10, 11, 13, 16, 17, 33, 34, 35, 36, 37, 38, 39, 40, 41, 43, 54, 74, 76, 78, 79, 94, 95, 97, 99, 101, 103, 106, 122, 123, 124, 125, 127, 130, 166, 222, 258, 289, 322], "summary": {"covered_lines": 44, "num_statements": 114, "percent_covered": 38.59649122807018, "percent_covered_display": "39", "missing_lines": 70, "excluded_lines": 0, "percent_statements_covered": 38.59649122807018, "percent_statements_covered_display": "39"}, "missing_lines": [150, 152, 153, 154, 155, 156, 157, 158, 159, 161, 163, 183, 195, 196, 198, 199, 201, 202, 204, 205, 206, 207, 209, 211, 212, 213, 214, 215, 216, 217, 218, 219, 235, 237, 238, 239, 240, 241, 242, 243, 244, 245, 246, 247, 248, 250, 252, 254, 255, 269, 270, 272, 274, 275, 283, 284, 285, 286, 305, 307, 308, 317, 318, 319, 332, 334, 335, 336, 337, 338], "excluded_lines": [], "start_line": 1}}}, "village/ci_integration.py": {"executed_lines": [3, 4, 5, 6, 7, 8, 9, 10, 12, 15, 19, 23, 27, 31, 32, 35, 36, 37, 38, 41, 42, 45, 46, 47, 50, 51, 54, 55, 56, 57, 60, 70, 73, 74, 75, 83, 84, 87, 95, 96, 97, 104, 107, 127, 128, 130, 131, 133, 134, 135, 136, 137, 138, 139, 144, 153, 155, 162, 182, 183, 185, 188, 190, 191, 192, 194, 195, 200, 201, 202, 203, 209, 211, 219, 221, 224, 226, 227, 233, 251, 253, 261, 263, 270, 281, 282, 291, 299, 300, 308, 310, 317, 318, 324, 325, 333, 344, 345, 354, 362, 363, 371, 373, 396, 407, 408, 409, 416, 427, 435, 444, 446, 469, 480, 481, 483, 491, 494, 496, 497, 500, 501, 502, 503, 504, 505, 506, 507, 511, 521, 532, 533, 535, 543, 546, 549, 550, 551, 552, 560, 570, 581, 582, 583, 585, 595, 603, 607, 609, 612, 613, 614, 615, 619, 629, 637, 639, 640, 642, 643, 644, 645, 647], "summary": {"covered_lines": 163, "num_statements": 205, "percent_covered": 79.51219512195122, "percent_covered_display": "80", "missing_lines": 42, "excluded_lines": 0, "percent_statements_covered": 79.51219512195122, "percent_statements_covered_display": "80"}, "missing_lines": [141, 157, 158, 159, 186, 204, 205, 207, 228, 229, 230, 265, 266, 267, 380, 381, 387, 388, 436, 453, 454, 460, 461, 492, 509, 517, 518, 544, 553, 554, 555, 556, 558, 566, 567, 604, 617, 625, 626, 649, 650, 651], "excluded_lines": [], "functions": {"get_ci_config": {"executed_lines": [70, 73, 74, 75, 83, 84, 87, 95, 96, 97, 104], "summary": {"covered_lines": 11, "num_statements": 11, "percent_covered": 100.0, "percent_covered_display": "100", "missing_lines": 0, "excluded_lines": 0, "percent_statements_covered": 100.0, "percent_statements_covered_display": "100"}, "missing_lines": [], "excluded_lines": [], "start_line": 60}, "trigger_build": {"executed_lines": [127, 128, 130, 131, 133, 134, 135, 136, 137, 138, 139, 144, 153, 155], "summary": {"covered_lines": 14, "num_statements": 18, "percent_covered": 77.77777777777777, "percent_covered_display": "78", "missing_lines": 4, "excluded_lines": 0, "percent_statements_covered": 77.77777777777777, "percent_statements_covered_display": "78"}, "missing_lines": [141, 157, 158, 159], "excluded_lines": [], "start_line": 107}, "monitor_build": {"executed_lines": [182, 183, 185, 188, 190, 191, 192, 194, 195, 200, 201, 202, 203, 209, 211, 219, 221, 224, 226, 227], "summary": {"covered_lines": 20, "num_statements": 27, "percent_covered": 74.07407407407408, "percent_covered_display": "74", "missing_lines": 7, "excluded_lines": 0, "percent_statements_covered": 74.07407407407408, "percent_statements_covered_display": "74"}, "missing_lines": [186, 204, 205, 207, 228, 229, 230], "excluded_lines": [], "start_line": 162}, "update_task_on_failure": {"executed_lines": [251, 253, 261, 263], "summary": {"covered_lines": 4, "num_statements": 7, "percent_covered": 57.142857142857146, "percent_covered_display": "57", "missing_lines": 3, "excluded_lines": 0, "percent_statements_covered": 57.142857142857146, "percent_statements_covered_display": "57"}, "missing_lines": [265, 266, 267], "excluded_lines": [], "start_line": 233}, "_trigger_github_actions": {"executed_lines": [281, 282, 291, 299, 300, 308, 310, 317, 318, 324, 325], "summary": {"covered_lines": 11, "num_statements": 11, "percent_covered": 100.0, "percent_covered_display": "100", "missing_lines": 0, "excluded_lines": 0, "percent_statements_covered": 100.0, "percent_statements_covered_display": "100"}, "missing_lines": [], "excluded_lines": [], "start_line": 270}, "_trigger_gitlab_ci": {"executed_lines": [344, 345, 354, 362, 363, 371, 373], "summary": {"covered_lines": 7, "num_statements": 11, "percent_covered": 63.63636363636363, "percent_covered_display": "64", "missing_lines": 4, "excluded_lines": 0, "percent_statements_covered": 63.63636363636363, "percent_statements_covered_display": "64"}, "missing_lines": [380, 381, 387, 388], "excluded_lines": [], "start_line": 333}, "_trigger_jenkins": {"executed_lines": [407, 408, 409, 416, 427, 435, 444, 446], "summary": {"covered_lines": 8, "num_statements": 13, "percent_covered": 61.53846153846154, "percent_covered_display": "62", "missing_lines": 5, "excluded_lines": 0, "percent_statements_covered": 61.53846153846154, "percent_statements_covered_display": "62"}, "missing_lines": [436, 453, 454, 460, 461], "excluded_lines": [], "start_line": 396}, "_monitor_github_actions": {"executed_lines": [480, 481, 483, 491, 494, 496, 497, 500, 501, 502, 503, 504, 505, 506, 507, 511], "summary": {"covered_lines": 16, "num_statements": 20, "percent_covered": 80.0, "percent_covered_display": "80", "missing_lines": 4, "excluded_lines": 0, "percent_statements_covered": 80.0, "percent_statements_covered_display": "80"}, "missing_lines": [492, 509, 517, 518], "excluded_lines": [], "start_line": 469}, "_monitor_gitlab_ci": {"executed_lines": [532, 533, 535, 543, 546, 549, 550, 551, 552, 560], "summary": {"covered_lines": 10, "num_statements": 18, "percent_covered": 55.55555555555556, "percent_covered_display": "56", "missing_lines": 8, "excluded_lines": 0, "percent_statements_covered": 55.55555555555556, "percent_statements_covered_display": "56"}, "missing_lines": [544, 553, 554, 555, 556, 558, 566, 567], "excluded_lines": [], "start_line": 521}, "_monitor_jenkins": {"executed_lines": [581, 582, 583, 585, 595, 603, 607, 609, 612, 613, 614, 615, 619], "summary": {"covered_lines": 13, "num_statements": 17, "percent_covered": 76.47058823529412, "percent_covered_display": "76", "missing_lines": 4, "excluded_lines": 0, "percent_statements_covered": 76.47058823529412, "percent_statements_covered_display": "76"}, "missing_lines": [604, 617, 625, 626], "excluded_lines": [], "start_line": 570}, "_append_ci_event": {"executed_lines": [637, 639, 640, 642, 643, 644, 645, 647], "summary": {"covered_lines": 8, "num_statements": 11, "percent_covered": 72.72727272727273, "percent_covered_display": "73", "missing_lines": 3, "excluded_lines": 0, "percent_statements_covered": 72.72727272727273, "percent_statements_covered_display": "73"}, "missing_lines": [649, 650, 651], "excluded_lines": [], "start_line": 629}, "": {"executed_lines": [3, 4, 5, 6, 7, 8, 9, 10, 12, 15, 19, 23, 27, 31, 32, 35, 36, 37, 38, 41, 42, 45, 46, 47, 50, 51, 54, 55, 56, 57, 60, 107, 162, 233, 270, 333, 396, 469, 521, 570, 629], "summary": {"covered_lines": 41, "num_statements": 41, "percent_covered": 100.0, "percent_covered_display": "100", "missing_lines": 0, "excluded_lines": 0, "percent_statements_covered": 100.0, "percent_statements_covered_display": "100"}, "missing_lines": [], "excluded_lines": [], "start_line": 1}}, "classes": {"CIIntegrationError": {"executed_lines": [], "summary": {"covered_lines": 0, "num_statements": 0, "percent_covered": 100.0, "percent_covered_display": "100", "missing_lines": 0, "excluded_lines": 0, "percent_statements_covered": 100.0, "percent_statements_covered_display": "100"}, "missing_lines": [], "excluded_lines": [], "start_line": 15}, "BuildTriggerError": {"executed_lines": [], "summary": {"covered_lines": 0, "num_statements": 0, "percent_covered": 100.0, "percent_covered_display": "100", "missing_lines": 0, "excluded_lines": 0, "percent_statements_covered": 100.0, "percent_statements_covered_display": "100"}, "missing_lines": [], "excluded_lines": [], "start_line": 19}, "BuildTimeoutError": {"executed_lines": [], "summary": {"covered_lines": 0, "num_statements": 0, "percent_covered": 100.0, "percent_covered_display": "100", "missing_lines": 0, "excluded_lines": 0, "percent_statements_covered": 100.0, "percent_statements_covered_display": "100"}, "missing_lines": [], "excluded_lines": [], "start_line": 23}, "PlatformNotConfiguredError": {"executed_lines": [], "summary": {"covered_lines": 0, "num_statements": 0, "percent_covered": 100.0, "percent_covered_display": "100", "missing_lines": 0, "excluded_lines": 0, "percent_statements_covered": 100.0, "percent_statements_covered_display": "100"}, "missing_lines": [], "excluded_lines": [], "start_line": 27}, "BuildResult": {"executed_lines": [], "summary": {"covered_lines": 0, "num_statements": 0, "percent_covered": 100.0, "percent_covered_display": "100", "missing_lines": 0, "excluded_lines": 0, "percent_statements_covered": 100.0, "percent_statements_covered_display": "100"}, "missing_lines": [], "excluded_lines": [], "start_line": 32}, "BuildStatus": {"executed_lines": [], "summary": {"covered_lines": 0, "num_statements": 0, "percent_covered": 100.0, "percent_covered_display": "100", "missing_lines": 0, "excluded_lines": 0, "percent_statements_covered": 100.0, "percent_statements_covered_display": "100"}, "missing_lines": [], "excluded_lines": [], "start_line": 42}, "CIPlatformConfig": {"executed_lines": [], "summary": {"covered_lines": 0, "num_statements": 0, "percent_covered": 100.0, "percent_covered_display": "100", "missing_lines": 0, "excluded_lines": 0, "percent_statements_covered": 100.0, "percent_statements_covered_display": "100"}, "missing_lines": [], "excluded_lines": [], "start_line": 51}, "": {"executed_lines": [3, 4, 5, 6, 7, 8, 9, 10, 12, 15, 19, 23, 27, 31, 32, 35, 36, 37, 38, 41, 42, 45, 46, 47, 50, 51, 54, 55, 56, 57, 60, 70, 73, 74, 75, 83, 84, 87, 95, 96, 97, 104, 107, 127, 128, 130, 131, 133, 134, 135, 136, 137, 138, 139, 144, 153, 155, 162, 182, 183, 185, 188, 190, 191, 192, 194, 195, 200, 201, 202, 203, 209, 211, 219, 221, 224, 226, 227, 233, 251, 253, 261, 263, 270, 281, 282, 291, 299, 300, 308, 310, 317, 318, 324, 325, 333, 344, 345, 354, 362, 363, 371, 373, 396, 407, 408, 409, 416, 427, 435, 444, 446, 469, 480, 481, 483, 491, 494, 496, 497, 500, 501, 502, 503, 504, 505, 506, 507, 511, 521, 532, 533, 535, 543, 546, 549, 550, 551, 552, 560, 570, 581, 582, 583, 585, 595, 603, 607, 609, 612, 613, 614, 615, 619, 629, 637, 639, 640, 642, 643, 644, 645, 647], "summary": {"covered_lines": 163, "num_statements": 205, "percent_covered": 79.51219512195122, "percent_covered_display": "80", "missing_lines": 42, "excluded_lines": 0, "percent_statements_covered": 79.51219512195122, "percent_statements_covered_display": "80"}, "missing_lines": [141, 157, 158, 159, 186, 204, 205, 207, 228, 229, 230, 265, 266, 267, 380, 381, 387, 388, 436, 453, 454, 460, 461, 492, 509, 517, 518, 544, 553, 554, 555, 556, 558, 566, 567, 604, 617, 625, 626, 649, 650, 651], "excluded_lines": [], "start_line": 1}}}, "village/cleanup.py": {"executed_lines": [3, 4, 5, 6, 7, 9, 10, 11, 12, 13, 15, 18, 28, 29, 35, 36, 39, 40, 41, 42, 45, 56, 59, 60, 62, 63, 64, 65, 68, 72, 73, 76, 111, 129, 132, 135, 136, 138, 159, 167], "summary": {"covered_lines": 40, "num_statements": 81, "percent_covered": 49.382716049382715, "percent_covered_display": "49", "missing_lines": 41, "excluded_lines": 0, "percent_statements_covered": 49.382716049382715, "percent_statements_covered_display": "49"}, "missing_lines": [30, 31, 32, 87, 90, 91, 94, 96, 97, 99, 101, 104, 105, 106, 108, 139, 141, 144, 145, 147, 148, 149, 150, 151, 152, 178, 180, 181, 184, 185, 186, 189, 196, 199, 200, 201, 202, 205, 206, 207, 208], "excluded_lines": [], "functions": {"parse_lock_safe": {"executed_lines": [28, 29], "summary": {"covered_lines": 2, "num_statements": 5, "percent_covered": 40.0, "percent_covered_display": "40", "missing_lines": 3, "excluded_lines": 0, "percent_statements_covered": 40.0, "percent_statements_covered_display": "40"}, "missing_lines": [30, 31, 32], "excluded_lines": [], "start_line": 18}, "find_stale_locks": {"executed_lines": [56, 59, 60, 62, 63, 64, 65, 68, 72, 73], "summary": {"covered_lines": 10, "num_statements": 10, "percent_covered": 100.0, "percent_covered_display": "100", "missing_lines": 0, "excluded_lines": 0, "percent_statements_covered": 100.0, "percent_statements_covered_display": "100"}, "missing_lines": [], "excluded_lines": [], "start_line": 45}, "find_orphan_worktrees": {"executed_lines": [], "summary": {"covered_lines": 0, "num_statements": 12, "percent_covered": 0.0, "percent_covered_display": "0", "missing_lines": 12, "excluded_lines": 0, "percent_statements_covered": 0.0, "percent_statements_covered_display": "0"}, "missing_lines": [87, 90, 91, 94, 96, 97, 99, 101, 104, 105, 106, 108], "excluded_lines": [], "start_line": 76}, "plan_cleanup": {"executed_lines": [129, 132, 135, 136, 138, 159], "summary": {"covered_lines": 6, "num_statements": 16, "percent_covered": 37.5, "percent_covered_display": "38", "missing_lines": 10, "excluded_lines": 0, "percent_statements_covered": 37.5, "percent_statements_covered_display": "38"}, "missing_lines": [139, 141, 144, 145, 147, 148, 149, 150, 151, 152], "excluded_lines": [], "start_line": 111}, "execute_cleanup": {"executed_lines": [], "summary": {"covered_lines": 0, "num_statements": 16, "percent_covered": 0.0, "percent_covered_display": "0", "missing_lines": 16, "excluded_lines": 0, "percent_statements_covered": 0.0, "percent_statements_covered_display": "0"}, "missing_lines": [178, 180, 181, 184, 185, 186, 189, 196, 199, 200, 201, 202, 205, 206, 207, 208], "excluded_lines": [], "start_line": 167}, "": {"executed_lines": [3, 4, 5, 6, 7, 9, 10, 11, 12, 13, 15, 18, 35, 36, 39, 40, 41, 42, 45, 76, 111, 167], "summary": {"covered_lines": 22, "num_statements": 22, "percent_covered": 100.0, "percent_covered_display": "100", "missing_lines": 0, "excluded_lines": 0, "percent_statements_covered": 100.0, "percent_statements_covered_display": "100"}, "missing_lines": [], "excluded_lines": [], "start_line": 1}}, "classes": {"CleanupPlan": {"executed_lines": [], "summary": {"covered_lines": 0, "num_statements": 0, "percent_covered": 100.0, "percent_covered_display": "100", "missing_lines": 0, "excluded_lines": 0, "percent_statements_covered": 100.0, "percent_statements_covered_display": "100"}, "missing_lines": [], "excluded_lines": [], "start_line": 36}, "": {"executed_lines": [3, 4, 5, 6, 7, 9, 10, 11, 12, 13, 15, 18, 28, 29, 35, 36, 39, 40, 41, 42, 45, 56, 59, 60, 62, 63, 64, 65, 68, 72, 73, 76, 111, 129, 132, 135, 136, 138, 159, 167], "summary": {"covered_lines": 40, "num_statements": 81, "percent_covered": 49.382716049382715, "percent_covered_display": "49", "missing_lines": 41, "excluded_lines": 0, "percent_statements_covered": 49.382716049382715, "percent_statements_covered_display": "49"}, "missing_lines": [30, 31, 32, 87, 90, 91, 94, 96, 97, 99, 101, 104, 105, 106, 108, 139, 141, 144, 145, 147, 148, 149, 150, 151, 152, 178, 180, 181, 184, 185, 186, 189, 196, 199, 200, 201, 202, 205, 206, 207, 208], "excluded_lines": [], "start_line": 1}}}, "village/cli.py": {"executed_lines": [3, 4, 5, 6, 8, 10, 11, 18, 19, 20, 29, 35, 36, 37, 38, 40, 43, 49, 50, 51, 52, 54, 55, 56, 59, 60, 61, 62, 63, 64, 65, 86, 87, 88, 90, 92, 93, 94, 95, 96, 97, 98, 99, 102, 104, 107, 109, 111, 112, 117, 118, 121, 122, 123, 124, 127, 180, 181, 196, 197, 198, 199, 200, 268, 269, 270, 271, 304, 305, 306, 307, 345, 346, 347, 358, 359, 360, 362, 363, 365, 366, 368, 371, 372, 373, 378, 383, 388, 393, 431, 434, 435, 438, 440, 441, 442, 443, 444, 445, 446, 447, 448, 449, 450, 451, 452, 453, 454, 455, 456, 457, 458, 459, 464, 467, 469, 472, 481, 482, 483, 484, 485, 487, 488
[...]
: 82.63157894736842, "percent_statements_covered_display": "83"}, "missing_lines": [117, 118, 119, 120, 121, 122, 124, 150, 160, 161, 162, 184, 198, 199, 200, 201, 202, 203, 205, 251, 257, 258, 259, 305, 306, 405, 406, 407, 408, 458, 459, 460, 461], "excluded_lines": [], "functions": {"InvalidStateTransitionError.__init__": {"executed_lines": [51, 52, 53, 54], "summary": {"covered_lines": 4, "num_statements": 4, "percent_covered": 100.0, "percent_covered_display": "100", "missing_lines": 0, "excluded_lines": 0, "percent_statements_covered": 100.0, "percent_statements_covered_display": "100"}, "missing_lines": [], "excluded_lines": [], "start_line": 50}, "StateNotInitializedError.__init__": {"executed_lines": [61, 62], "summary": {"covered_lines": 2, "num_statements": 2, "percent_covered": 100.0, "percent_covered_display": "100", "missing_lines": 0, "excluded_lines": 0, "percent_statements_covered": 100.0, "percent_statements_covered_display": "100"}, "missing_lines": [], "excluded_lines": [], "start_line": 60}, "TaskStateMachine.__init__": {"executed_lines": [83], "summary": {"covered_lines": 1, "num_statements": 1, "percent_covered": 100.0, "percent_covered_display": "100", "missing_lines": 0, "excluded_lines": 0, "percent_statements_covered": 100.0, "percent_statements_covered_display": "100"}, "missing_lines": [], "excluded_lines": [], "start_line": 77}, "TaskStateMachine._get_lock_path": {"executed_lines": [94], "summary": {"covered_lines": 1, "num_statements": 1, "percent_covered": 100.0, "percent_covered_display": "100", "missing_lines": 0, "excluded_lines": 0, "percent_statements_covered": 100.0, "percent_statements_covered_display": "100"}, "missing_lines": [], "excluded_lines": [], "start_line": 85}, "TaskStateMachine._read_state_from_lock": {"executed_lines": [105, 107, 108, 110, 111, 112, 113, 114, 115, 116], "summary": {"covered_lines": 10, "num_statements": 17, "percent_covered": 58.8235294117647, "percent_covered_display": "59", "missing_lines": 7, "excluded_lines": 0, "percent_statements_covered": 58.8235294117647, "percent_statements_covered_display": "59"}, "missing_lines": [117, 118, 119, 120, 121, 122, 124], "excluded_lines": [], "start_line": 96}, "TaskStateMachine._write_state_to_lock": {"executed_lines": [133, 135, 136, 137, 138, 140, 141, 142, 143, 144, 145, 147, 149, 152, 154, 156, 157, 158, 159], "summary": {"covered_lines": 19, "num_statements": 23, "percent_covered": 82.6086956521739, "percent_covered_display": "83", "missing_lines": 4, "excluded_lines": 0, "percent_statements_covered": 82.6086956521739, "percent_statements_covered_display": "83"}, "missing_lines": [150, 160, 161, 162], "excluded_lines": [], "start_line": 126}, "TaskStateMachine._read_state_history": {"executed_lines": [173, 175, 176, 178, 179, 180, 181, 182, 183, 185, 186, 187], "summary": {"covered_lines": 12, "num_statements": 20, "percent_covered": 60.0, "percent_covered_display": "60", "missing_lines": 8, "excluded_lines": 0, "percent_statements_covered": 60.0, "percent_statements_covered_display": "60"}, "missing_lines": [184, 198, 199, 200, 201, 202, 203, 205], "excluded_lines": [], "start_line": 164}, "TaskStateMachine._write_state_history": {"executed_lines": [218, 220, 221, 233, 234, 235, 237, 238, 239, 240, 241, 242, 244, 246, 247, 249, 253, 254, 255, 256], "summary": {"covered_lines": 20, "num_statements": 24, "percent_covered": 83.33333333333333, "percent_covered_display": "83", "missing_lines": 4, "excluded_lines": 0, "percent_statements_covered": 83.33333333333333, "percent_statements_covered_display": "83"}, "missing_lines": [251, 257, 258, 259], "excluded_lines": [], "start_line": 207}, "TaskStateMachine._log_transition_event": {"executed_lines": [276, 284, 285, 299, 300, 301, 302, 304], "summary": {"covered_lines": 8, "num_statements": 10, "percent_covered": 80.0, "percent_covered_display": "80", "missing_lines": 2, "excluded_lines": 0, "percent_statements_covered": 80.0, "percent_statements_covered_display": "80"}, "missing_lines": [305, 306], "excluded_lines": [], "start_line": 261}, "TaskStateMachine.can_transition": {"executed_lines": [318, 319], "summary": {"covered_lines": 2, "num_statements": 2, "percent_covered": 100.0, "percent_covered_display": "100", "missing_lines": 0, "excluded_lines": 0, "percent_statements_covered": 100.0, "percent_statements_covered_display": "100"}, "missing_lines": [], "excluded_lines": [], "start_line": 308}, "TaskStateMachine.get_state": {"executed_lines": [330], "summary": {"covered_lines": 1, "num_statements": 1, "percent_covered": 100.0, "percent_covered_display": "100", "missing_lines": 0, "excluded_lines": 0, "percent_statements_covered": 100.0, "percent_statements_covered_display": "100"}, "missing_lines": [], "excluded_lines": [], "start_line": 321}, "TaskStateMachine.get_state_history": {"executed_lines": [341], "summary": {"covered_lines": 1, "num_statements": 1, "percent_covered": 100.0, "percent_covered_display": "100", "missing_lines": 0, "excluded_lines": 0, "percent_statements_covered": 100.0, "percent_statements_covered_display": "100"}, "missing_lines": [], "excluded_lines": [], "start_line": 332}, "TaskStateMachine.transition": {"executed_lines": [359, 360, 362, 363, 369, 370, 371, 372, 377, 378, 384, 391, 392, 394, 395, 396, 397, 399, 400], "summary": {"covered_lines": 19, "num_statements": 23, "percent_covered": 82.6086956521739, "percent_covered_display": "83", "missing_lines": 4, "excluded_lines": 0, "percent_statements_covered": 82.6086956521739, "percent_statements_covered_display": "83"}, "missing_lines": [405, 406, 407, 408], "excluded_lines": [], "start_line": 343}, "TaskStateMachine.initialize_state": {"executed_lines": [430, 431, 433, 434, 440, 447, 448, 449, 450, 452, 453], "summary": {"covered_lines": 11, "num_statements": 15, "percent_covered": 73.33333333333333, "percent_covered_display": "73", "missing_lines": 4, "excluded_lines": 0, "percent_statements_covered": 73.33333333333333, "percent_statements_covered_display": "73"}, "missing_lines": [458, 459, 460, 461], "excluded_lines": [], "start_line": 414}, "": {"executed_lines": [3, 4, 5, 6, 7, 8, 9, 11, 12, 14, 17, 20, 21, 22, 23, 24, 25, 28, 29, 32, 33, 34, 37, 38, 41, 42, 43, 44, 47, 50, 57, 60, 65, 68, 77, 85, 96, 126, 164, 207, 261, 308, 321, 332, 343, 414], "summary": {"covered_lines": 46, "num_statements": 46, "percent_covered": 100.0, "percent_covered_display": "100", "missing_lines": 0, "excluded_lines": 0, "percent_statements_covered": 100.0, "percent_statements_covered_display": "100"}, "missing_lines": [], "excluded_lines": [], "start_line": 1}}, "classes": {"TaskState": {"executed_lines": [], "summary": {"covered_lines": 0, "num_statements": 0, "percent_covered": 100.0, "percent_covered_display": "100", "missing_lines": 0, "excluded_lines": 0, "percent_statements_covered": 100.0, "percent_statements_covered_display": "100"}, "missing_lines": [], "excluded_lines": [], "start_line": 17}, "TransitionResult": {"executed_lines": [], "summary": {"covered_lines": 0, "num_statements": 0, "percent_covered": 100.0, "percent_covered_display": "100", "missing_lines": 0, "excluded_lines": 0, "percent_statements_covered": 100.0, "percent_statements_covered_display": "100"}, "missing_lines": [], "excluded_lines": [], "start_line": 29}, "StateTransition": {"executed_lines": [], "summary": {"covered_lines": 0, "num_statements": 0, "percent_covered": 100.0, "percent_covered_display": "100", "missing_lines": 0, "excluded_lines": 0, "percent_statements_covered": 100.0, "percent_statements_covered_display": "100"}, "missing_lines": [], "excluded_lines": [], "start_line": 38}, "InvalidStateTransitionError": {"executed_lines": [51, 52, 53, 54], "summary": {"covered_lines": 4, "num_statements": 4, "percent_covered": 100.0, "percent_covered_display": "100", "missing_lines": 0, "excluded_lines": 0, "percent_statements_covered": 100.0, "percent_statements_covered_display": "100"}, "missing_lines": [], "excluded_lines": [], "start_line": 47}, "StateNotInitializedError": {"executed_lines": [61, 62], "summary": {"covered_lines": 2, "num_statements": 2, "percent_covered": 100.0, "percent_covered_display": "100", "missing_lines": 0, "excluded_lines": 0, "percent_statements_covered": 100.0, "percent_statements_covered_display": "100"}, "missing_lines": [], "excluded_lines": [], "start_line": 57}, "TaskStateMachine": {"executed_lines": [83, 94, 105, 107, 108, 110, 111, 112, 113, 114, 115, 116, 133, 135, 136, 137, 138, 140, 141, 142, 143, 144, 145, 147, 149, 152, 154, 156, 157, 158, 159, 173, 175, 176, 178, 179, 180, 181, 182, 183, 185, 186, 187, 218, 220, 221, 233, 234, 235, 237, 238, 239, 240, 241, 242, 244, 246, 247, 249, 253, 254, 255, 256, 276, 284, 285, 299, 300, 301, 302, 304, 318, 319, 330, 341, 359, 360, 362, 363, 369, 370, 371, 372, 377, 378, 384, 391, 392, 394, 395, 396, 397, 399, 400, 430, 431, 433, 434, 440, 447, 448, 449, 450, 452, 453], "summary": {"covered_lines": 105, "num_statements": 138, "percent_covered": 76.08695652173913, "percent_covered_display": "76", "missing_lines": 33, "excluded_lines": 0, "percent_statements_covered": 76.08695652173913, "percent_statements_covered_display": "76"}, "missing_lines": [117, 118, 119, 120, 121, 122, 124, 150, 160, 161, 162, 184, 198, 199, 200, 201, 202, 203, 205, 251, 257, 258, 259, 305, 306, 405, 406, 407, 408, 458, 459, 460, 461], "excluded_lines": [], "start_line": 65}, "": {"executed_lines": [3, 4, 5, 6, 7, 8, 9, 11, 12, 14, 17, 20, 21, 22, 23, 24, 25, 28, 29, 32, 33, 34, 37, 38, 41, 42, 43, 44, 47, 50, 57, 60, 65, 68, 77, 85, 96, 126, 164, 207, 261, 308, 321, 332, 343, 414], "summary": {"covered_lines": 46, "num_statements": 46, "percent_covered": 100.0, "percent_covered_display": "100", "missing_lines": 0, "excluded_lines": 0, "percent_statements_covered": 100.0, "percent_statements_covered_display": "100"}, "missing_lines": [], "excluded_lines": [], "start_line": 1}}}, "village/status.py": {"executed_lines": [3, 4, 5, 7, 8, 9, 11, 14, 15, 18, 19, 20, 21, 22, 23, 26, 27, 30, 31, 32, 33, 36, 37, 40, 41, 42, 43, 44, 45, 46, 47, 48, 49, 52, 53, 56, 57, 58, 61, 71, 73, 74, 76, 77, 79, 80, 81, 82, 84, 85, 87, 89, 90, 91, 92, 94, 102, 104, 105, 108, 119, 120, 122, 123, 124, 130, 132, 133, 134, 136, 137, 138, 139, 145, 147, 148, 151, 165, 167, 168, 169, 170, 172, 174, 175, 176, 177, 180, 182, 183, 184, 186, 187, 189, 203, 213, 214, 215, 217], "summary": {"covered_lines": 99, "num_statements": 99, "percent_covered": 100.0, "percent_covered_display": "100", "missing_lines": 0, "excluded_lines": 0, "percent_statements_covered": 100.0, "percent_statements_covered_display": "100"}, "missing_lines": [], "excluded_lines": [], "functions": {"collect_workers": {"executed_lines": [71, 73, 74, 76, 77, 79, 80, 81, 82, 84, 85, 87, 89, 90, 91, 92, 94, 102, 104, 105], "summary": {"covered_lines": 20, "num_statements": 20, "percent_covered": 100.0, "percent_covered_display": "100", "missing_lines": 0, "excluded_lines": 0, "percent_statements_covered": 100.0, "percent_statements_covered_display": "100"}, "missing_lines": [], "excluded_lines": [], "start_line": 61}, "collect_orphans": {"executed_lines": [119, 120, 122, 123, 124, 130, 132, 133, 134, 136, 137, 138, 139, 145, 147, 148], "summary": {"covered_lines": 16, "num_statements": 16, "percent_covered": 100.0, "percent_covered_display": "100", "missing_lines": 0, "excluded_lines": 0, "percent_statements_covered": 100.0, "percent_statements_covered_display": "100"}, "missing_lines": [], "excluded_lines": [], "start_line": 108}, "collect_summary": {"executed_lines": [165, 167, 168, 169, 170, 172, 174, 175, 176, 177, 180, 182, 183, 184, 186, 187, 189], "summary": {"covered_lines": 17, "num_statements": 17, "percent_covered": 100.0, "percent_covered_display": "100", "missing_lines": 0, "excluded_lines": 0, "percent_statements_covered": 100.0, "percent_statements_covered_display": "100"}, "missing_lines": [], "excluded_lines": [], "start_line": 151}, "collect_full_status": {"executed_lines": [213, 214, 215, 217], "summary": {"covered_lines": 4, "num_statements": 4, "percent_covered": 100.0, "percent_covered_display": "100", "missing_lines": 0, "excluded_lines": 0, "percent_statements_covered": 100.0, "percent_statements_covered_display": "100"}, "missing_lines": [], "excluded_lines": [], "start_line": 203}, "": {"executed_lines": [3, 4, 5, 7, 8, 9, 11, 14, 15, 18, 19, 20, 21, 22, 23, 26, 27, 30, 31, 32, 33, 36, 37, 40, 41, 42, 43, 44, 45, 46, 47, 48, 49, 52, 53, 56, 57, 58, 61, 108, 151, 203], "summary": {"covered_lines": 42, "num_statements": 42, "percent_covered": 100.0, "percent_covered_display": "100", "missing_lines": 0, "excluded_lines": 0, "percent_statements_covered": 100.0, "percent_statements_covered_display": "100"}, "missing_lines": [], "excluded_lines": [], "start_line": 1}}, "classes": {"Worker": {"executed_lines": [], "summary": {"covered_lines": 0, "num_statements": 0, "percent_covered": 100.0, "percent_covered_display": "100", "missing_lines": 0, "excluded_lines": 0, "percent_statements_covered": 100.0, "percent_statements_covered_display": "100"}, "missing_lines": [], "excluded_lines": [], "start_line": 15}, "Orphan": {"executed_lines": [], "summary": {"covered_lines": 0, "num_statements": 0, "percent_covered": 100.0, "percent_covered_display": "100", "missing_lines": 0, "excluded_lines": 0, "percent_statements_covered": 100.0, "percent_statements_covered_display": "100"}, "missing_lines": [], "excluded_lines": [], "start_line": 27}, "StatusSummary": {"executed_lines": [], "summary": {"covered_lines": 0, "num_statements": 0, "percent_covered": 100.0, "percent_covered_display": "100", "missing_lines": 0, "excluded_lines": 0, "percent_statements_covered": 100.0, "percent_statements_covered_display": "100"}, "missing_lines": [], "excluded_lines": [], "start_line": 37}, "FullStatus": {"executed_lines": [], "summary": {"covered_lines": 0, "num_statements": 0, "percent_covered": 100.0, "percent_covered_display": "100", "missing_lines": 0, "excluded_lines": 0, "percent_statements_covered": 100.0, "percent_statements_covered_display": "100"}, "missing_lines": [], "excluded_lines": [], "start_line": 53}, "": {"executed_lines": [3, 4, 5, 7, 8, 9, 11, 14, 15, 18, 19, 20, 21, 22, 23, 26, 27, 30, 31, 32, 33, 36, 37, 40, 41, 42, 43, 44, 45, 46, 47, 48, 49, 52, 53, 56, 57, 58, 61, 71, 73, 74, 76, 77, 79, 80, 81, 82, 84, 85, 87, 89, 90, 91, 92, 94, 102, 104, 105, 108, 119, 120, 122, 123, 124, 130, 132, 133, 134, 136, 137, 138, 139, 145, 147, 148, 151, 165, 167, 168, 169, 170, 172, 174, 175, 176, 177, 180, 182, 183, 184, 186, 187, 189, 203, 213, 214, 215, 217], "summary": {"covered_lines": 99, "num_statements": 99, "percent_covered": 100.0, "percent_covered_display": "100", "missing_lines": 0, "excluded_lines": 0, "percent_statements_covered": 100.0, "percent_statements_covered_display": "100"}, "missing_lines": [], "excluded_lines": [], "start_line": 1}}}, "village/worktrees.py": {"executed_lines": [3, 4, 5, 6, 8, 9, 11, 14, 15, 18, 19, 20, 21, 24, 37, 40, 41, 48, 59, 61, 64, 83, 85, 88, 89, 90, 92, 94, 95, 96, 101, 102, 104, 107, 118, 121, 122, 124, 126, 129, 139, 142, 143, 145, 146, 147, 148, 149, 158, 161, 172, 174, 175, 176, 178, 181, 192, 195, 196, 198, 199], "summary": {"covered_lines": 61, "num_statements": 71, "percent_covered": 85.91549295774648, "percent_covered_display": "86", "missing_lines": 10, "excluded_lines": 0, "percent_statements_covered": 85.91549295774648, "percent_statements_covered_display": "86"}, "missing_lines": [38, 42, 43, 45, 60, 86, 119, 140, 193, 200], "excluded_lines": [], "functions": {"get_scm": {"executed_lines": [37, 40, 41], "summary": {"covered_lines": 3, "num_statements": 7, "percent_covered": 42.857142857142854, "percent_covered_display": "43", "missing_lines": 4, "excluded_lines": 0, "percent_statements_covered": 42.857142857142854, "percent_statements_covered_display": "43"}, "missing_lines": [38, 42, 43, 45], "excluded_lines": [], "start_line": 24}, "get_worktree_path": {"executed_lines": [59, 61], "summary": {"covered_lines": 2, "num_statements": 3, "percent_covered": 66.66666666666667, "percent_covered_display": "67", "missing_lines": 1, "excluded_lines": 0, "percent_statements_covered": 66.66666666666667, "percent_statements_covered_display": "67"}, "missing_lines": [60], "excluded_lines": [], "start_line": 48}, "create_worktree": {"executed_lines": [83, 85, 88, 89, 90, 92, 94, 95, 96, 101, 102, 104], "summary": {"covered_lines": 12, "num_statements": 13, "percent_covered": 92.3076923076923, "percent_covered_display": "92", "missing_lines": 1, "excluded_lines": 0, "percent_statements_covered": 92.3076923076923, "percent_statements_covered_display": "92"}, "missing_lines": [86], "excluded_lines": [], "start_line": 64}, "delete_worktree": {"executed_lines": [118, 121, 122, 124, 126], "summary": {"covered_lines": 5, "num_statements": 6, "percent_covered": 83.33333333333333, "percent_covered_display": "83", "missing_lines": 1, "excluded_lines": 0, "percent_statements_covered": 83.33333333333333, "percent_statements_covered_display": "83"}, "missing_lines": [119], "excluded_lines": [], "start_line": 107}, "list_worktrees": {"executed_lines": [139, 142, 143, 145, 146, 147, 148, 149, 158], "summary": {"covered_lines": 9, "num_statements": 10, "percent_covered": 90.0, "percent_covered_display": "90", "missing_lines": 1, "excluded_lines": 0, "percent_statements_covered": 90.0, "percent_statements_covered_display": "90"}, "missing_lines": [140], "excluded_lines": [], "start_line": 129}, "get_worktree_info": {"executed_lines": [172, 174, 175, 176, 178], "summary": {"covered_lines": 5, "num_statements": 5, "percent_covered": 100.0, "percent_covered_display": "100", "missing_lines": 0, "excluded_lines": 0, "percent_statements_covered": 100.0, "percent_statements_covered_display": "100"}, "missing_lines": [], "excluded_lines": [], "start_line": 161}, "reset_worktree": {"executed_lines": [192, 195, 196, 198, 199], "summary": {"covered_lines": 5, "num_statements": 7, "percent_covered": 71.42857142857143, "percent_covered_display": "71", "missing_lines": 2, "excluded_lines": 0, "percent_statements_covered": 71.42857142857143, "percent_statements_covered_display": "71"}, "missing_lines": [193, 200], "excluded_lines": [], "start_line": 181}, "": {"executed_lines": [3, 4, 5, 6, 8, 9, 11, 14, 15, 18, 19, 20, 21, 24, 48, 64, 107, 129, 161, 181], "summary": {"covered_lines": 20, "num_statements": 20, "percent_covered": 100.0, "percent_covered_display": "100", "missing_lines": 0, "excluded_lines": 0, "percent_statements_covered": 100.0, "percent_statements_covered_display": "100"}, "missing_lines": [], "excluded_lines": [], "start_line": 1}}, "classes": {"WorktreeInfo": {"executed_lines": [], "summary": {"covered_lines": 0, "num_statements": 0, "percent_covered": 100.0, "percent_covered_display": "100", "missing_lines": 0, "excluded_lines": 0, "percent_statements_covered": 100.0, "percent_statements_covered_display": "100"}, "missing_lines": [], "excluded_lines": [], "start_line": 15}, "": {"executed_lines": [3, 4, 5, 6, 8, 9, 11, 14, 15, 18, 19, 20, 21, 24, 37, 40, 41, 48, 59, 61, 64, 83, 85, 88, 89, 90, 92, 94, 95, 96, 101, 102, 104, 107, 118, 121, 122, 124, 126, 129, 139, 142, 143, 145, 146, 147, 148, 149, 158, 161, 172, 174, 175, 176, 178, 181, 192, 195, 196, 198, 199], "summary": {"covered_lines": 61, "num_statements": 71, "percent_covered": 85.91549295774648, "percent_covered_display": "86", "missing_lines": 10, "excluded_lines": 0, "percent_statements_covered": 85.91549295774648, "percent_statements_covered_display": "86"}, "missing_lines": [38, 42, 43, 45, 60, 86, 119, 140, 193, 200], "excluded_lines": [], "start_line": 1}}}}, "totals": {"covered_lines": 3867, "num_statements": 5315, "percent_covered": 72.7563499529633, "percent_covered_display": "73", "missing_lines": 1448, "excluded_lines": 20, "percent_statements_covered": 72.7563499529633, "percent_statements_covered_display": "73"}}